

 The input file has been read successfully 
 Number of elements:                2
 Number of nodes:                  12
 Number of constraints:             0
 Total no. degrees of freedom:     36

  Column            1  node            1  DOF            1
 Row    1 node    1 DOF    1 Stiffness             NaN Numerical deriv             NaN
 Row    2 node    1 DOF    2 Stiffness             NaN Numerical deriv             NaN
 Row    3 node    1 DOF    3 Stiffness             NaN Numerical deriv             NaN
 Row    4 node    2 DOF    1 Stiffness             NaN Numerical deriv             NaN
 Row    5 node    2 DOF    2 Stiffness             NaN Numerical deriv             NaN
 Row    6 node    2 DOF    3 Stiffness             NaN Numerical deriv             NaN
 Row    7 node    3 DOF    1 Stiffness             NaN Numerical deriv             NaN
 Row    8 node    3 DOF    2 Stiffness             NaN Numerical deriv             NaN
 Row    9 node    3 DOF    3 Stiffness             NaN Numerical deriv             NaN
 Row   10 node    4 DOF    1 Stiffness             NaN Numerical deriv             NaN
 Row   11 node    4 DOF    2 Stiffness             NaN Numerical deriv             NaN
 Row   12 node    4 DOF    3 Stiffness             NaN Numerical deriv             NaN
 Row   13 node    5 DOF    1 Stiffness             NaN Numerical deriv             NaN
 Row   14 node    5 DOF    2 Stiffness             NaN Numerical deriv             NaN
 Row   15 node    5 DOF    3 Stiffness             NaN Numerical deriv             NaN
 Row   16 node    6 DOF    1 Stiffness             NaN Numerical deriv             NaN
 Row   17 node    6 DOF    2 Stiffness             NaN Numerical deriv             NaN
 Row   18 node    6 DOF    3 Stiffness             NaN Numerical deriv             NaN
 Row   19 node    7 DOF    1 Stiffness             NaN Numerical deriv             NaN
 Row   20 node    7 DOF    2 Stiffness             NaN Numerical deriv             NaN
 Row   21 node    7 DOF    3 Stiffness             NaN Numerical deriv             NaN
 Row   22 node    8 DOF    1 Stiffness             NaN Numerical deriv             NaN
 Row   23 node    8 DOF    2 Stiffness             NaN Numerical deriv             NaN
 Row   24 node    8 DOF    3 Stiffness             NaN Numerical deriv             NaN

  Column            2  node            1  DOF            2
 Row    1 node    1 DOF    1 Stiffness             NaN Numerical deriv             NaN
 Row    2 node    1 DOF    2 Stiffness             NaN Numerical deriv             NaN
 Row    3 node    1 DOF    3 Stiffness             NaN Numerical deriv             NaN
 Row    4 node    2 DOF    1 Stiffness             NaN Numerical deriv             NaN
 Row    5 node    2 DOF    2 Stiffness             NaN Numerical deriv             NaN
 Row    6 node    2 DOF    3 Stiffness             NaN Numerical deriv             NaN
 Row    7 node    3 DOF    1 Stiffness             NaN Numerical deriv             NaN
 Row    8 node    3 DOF    2 Stiffness             NaN Numerical deriv             NaN
 Row    9 node    3 DOF    3 Stiffness             NaN Numerical deriv             NaN
 Row   10 node    4 DOF    1 Stiffness             NaN Numerical deriv             NaN
 Row   11 node    4 DOF    2 Stiffness             NaN Numerical deriv             NaN
 Row   12 node    4 DOF    3 Stiffness             NaN Numerical deriv             NaN
 Row   13 node    5 DOF    1 Stiffness             NaN Numerical deriv             NaN
 Row   14 node    5 DOF    2 Stiffness             NaN Numerical deriv             NaN
 Row   15 node    5 DOF    3 Stiffness             NaN Numerical deriv             NaN
 Row   16 node    6 DOF    1 Stiffness             NaN Numerical deriv             NaN
 Row   17 node    6 DOF    2 Stiffness             NaN Numerical deriv             NaN
 Row   18 node    6 DOF    3 Stiffness             NaN Numerical deriv             NaN
 Row   19 node    7 DOF    1 Stiffness             NaN Numerical deriv             NaN
 Row   20 node    7 DOF    2 Stiffness             NaN Numerical deriv             NaN
 Row   21 node    7 DOF    3 Stiffness             NaN Numerical deriv             NaN
 Row   22 node    8 DOF    1 Stiffness             NaN Numerical deriv             NaN
 Row   23 node    8 DOF    2 Stiffness             NaN Numerical deriv             NaN
 Row   24 node    8 DOF    3 Stiffness             NaN Numerical deriv             NaN

  Column            3  node            1  DOF            3
 Row    1 node    1 DOF    1 Stiffness             NaN Numerical deriv             NaN
 Row    2 node    1 DOF    2 Stiffness             NaN Numerical deriv             NaN
 Row    3 node    1 DOF    3 Stiffness             NaN Numerical deriv             NaN
 Row    4 node    2 DOF    1 Stiffness             NaN Numerical deriv             NaN
 Row    5 node    2 DOF    2 Stiffness             NaN Numerical deriv             NaN
 Row    6 node    2 DOF    3 Stiffness             NaN Numerical deriv             NaN
 Row    7 node    3 DOF    1 Stiffness             NaN Numerical deriv             NaN
 Row    8 node    3 DOF    2 Stiffness             NaN Numerical deriv             NaN
 Row    9 node    3 DOF    3 Stiffness             NaN Numerical deriv             NaN
 Row   10 node    4 DOF    1 Stiffness             NaN Numerical deriv             NaN
 Row   11 node    4 DOF    2 Stiffness             NaN Numerical deriv             NaN
 Row   12 node    4 DOF    3 Stiffness             NaN Numerical deriv             NaN
 Row   13 node    5 DOF    1 Stiffness             NaN Numerical deriv             NaN
 Row   14 node    5 DOF    2 Stiffness             NaN Numerical deriv             NaN
 Row   15 node    5 DOF    3 Stiffness             NaN Numerical deriv             NaN
 Row   16 node    6 DOF    1 Stiffness             NaN Numerical deriv             NaN
 Row   17 node    6 DOF    2 Stiffness             NaN Numerical deriv             NaN
 Row   18 node    6 DOF    3 Stiffness             NaN Numerical deriv             NaN
 Row   19 node    7 DOF    1 Stiffness             NaN Numerical deriv             NaN
 Row   20 node    7 DOF    2 Stiffness             NaN Numerical deriv             NaN
 Row   21 node    7 DOF    3 Stiffness             NaN Numerical deriv             NaN
 Row   22 node    8 DOF    1 Stiffness             NaN Numerical deriv             NaN
 Row   23 node    8 DOF    2 Stiffness             NaN Numerical deriv             NaN
 Row   24 node    8 DOF    3 Stiffness             NaN Numerical deriv             NaN

  Column            4  node            2  DOF            1
 Row    1 node    1 DOF    1 Stiffness             NaN Numerical deriv             NaN
 Row    2 node    1 DOF    2 Stiffness             NaN Numerical deriv             NaN
 Row    3 node    1 DOF    3 Stiffness             NaN Numerical deriv             NaN
 Row    4 node    2 DOF    1 Stiffness             NaN Numerical deriv             NaN
 Row    5 node    2 DOF    2 Stiffness             NaN Numerical deriv             NaN
 Row    6 node    2 DOF    3 Stiffness             NaN Numerical deriv             NaN
 Row    7 node    3 DOF    1 Stiffness             NaN Numerical deriv             NaN
 Row    8 node    3 DOF    2 Stiffness             NaN Numerical deriv             NaN
 Row    9 node    3 DOF    3 Stiffness             NaN Numerical deriv             NaN
 Row   10 node    4 DOF    1 Stiffness             NaN Numerical deriv             NaN
 Row   11 node    4 DOF    2 Stiffness             NaN Numerical deriv             NaN
 Row   12 node    4 DOF    3 Stiffness             NaN Numerical deriv             NaN
 Row   13 node    5 DOF    1 Stiffness             NaN Numerical deriv             NaN
 Row   14 node    5 DOF    2 Stiffness             NaN Numerical deriv             NaN
 Row   15 node    5 DOF    3 Stiffness             NaN Numerical deriv             NaN
 Row   16 node    6 DOF    1 Stiffness             NaN Numerical deriv             NaN
 Row   17 node    6 DOF    2 Stiffness             NaN Numerical deriv             NaN
 Row   18 node    6 DOF    3 Stiffness             NaN Numerical deriv             NaN
 Row   19 node    7 DOF    1 Stiffness             NaN Numerical deriv             NaN
 Row   20 node    7 DOF    2 Stiffness             NaN Numerical deriv             NaN
 Row   21 node    7 DOF    3 Stiffness             NaN Numerical deriv             NaN
 Row   22 node    8 DOF    1 Stiffness             NaN Numerical deriv             NaN
 Row   23 node    8 DOF    2 Stiffness             NaN Numerical deriv             NaN
 Row   24 node    8 DOF    3 Stiffness             NaN Numerical deriv             NaN

  Column            5  node            2  DOF            2
 Row    1 node    1 DOF    1 Stiffness             NaN Numerical deriv             NaN
 Row    2 node    1 DOF    2 Stiffness             NaN Numerical deriv             NaN
 Row    3 node    1 DOF    3 Stiffness             NaN Numerical deriv             NaN
 Row    4 node    2 DOF    1 Stiffness             NaN Numerical deriv             NaN
 Row    5 node    2 DOF    2 Stiffness             NaN Numerical deriv             NaN
 Row    6 node    2 DOF    3 Stiffness             NaN Numerical deriv             NaN
 Row    7 node    3 DOF    1 Stiffness             NaN Numerical deriv             NaN
 Row    8 node    3 DOF    2 Stiffness             NaN Numerical deriv             NaN
 Row    9 node    3 DOF    3 Stiffness             NaN Numerical deriv             NaN
 Row   10 node    4 DOF    1 Stiffness             NaN Numerical deriv             NaN
 Row   11 node    4 DOF    2 Stiffness             NaN Numerical deriv             NaN
 Row   12 node    4 DOF    3 Stiffness             NaN Numerical deriv             NaN
 Row   13 node    5 DOF    1 Stiffness             NaN Numerical deriv             NaN
 Row   14 node    5 DOF    2 Stiffness             NaN Numerical deriv             NaN
 Row   15 node    5 DOF    3 Stiffness             NaN Numerical deriv             NaN
 Row   16 node    6 DOF    1 Stiffness             NaN Numerical deriv             NaN
 Row   17 node    6 DOF    2 Stiffness             NaN Numerical deriv             NaN
 Row   18 node    6 DOF    3 Stiffness             NaN Numerical deriv             NaN
 Row   19 node    7 DOF    1 Stiffness             NaN Numerical deriv             NaN
 Row   20 node    7 DOF    2 Stiffness             NaN Numerical deriv             NaN
 Row   21 node    7 DOF    3 Stiffness             NaN Numerical deriv             NaN
 Row   22 node    8 DOF    1 Stiffness             NaN Numerical deriv             NaN
 Row   23 node    8 DOF    2 Stiffness             NaN Numerical deriv             NaN
 Row   24 node    8 DOF    3 Stiffness             NaN Numerical deriv             NaN

  Column            6  node            2  DOF            3
 Row    1 node    1 DOF    1 Stiffness             NaN Numerical deriv             NaN
 Row    2 node    1 DOF    2 Stiffness             NaN Numerical deriv             NaN
 Row    3 node    1 DOF    3 Stiffness             NaN Numerical deriv             NaN
 Row    4 node    2 DOF    1 Stiffness             NaN Numerical deriv             NaN
 Row    5 node    2 DOF    2 Stiffness             NaN Numerical deriv             NaN
 Row    6 node    2 DOF    3 Stiffness             NaN Numerical deriv             NaN
 Row    7 node    3 DOF    1 Stiffness             NaN Numerical deriv             NaN
 Row    8 node    3 DOF    2 Stiffness             NaN Numerical deriv             NaN
 Row    9 node    3 DOF    3 Stiffness             NaN Numerical deriv             NaN
 Row   10 node    4 DOF    1 Stiffness             NaN Numerical deriv             NaN
 Row   11 node    4 DOF    2 Stiffness             NaN Numerical deriv             NaN
 Row   12 node    4 DOF    3 Stiffness             NaN Numerical deriv             NaN
 Row   13 node    5 DOF    1 Stiffness             NaN Numerical deriv             NaN
 Row   14 node    5 DOF    2 Stiffness             NaN Numerical deriv             NaN
 Row   15 node    5 DOF    3 Stiffness             NaN Numerical deriv             NaN
 Row   16 node    6 DOF    1 Stiffness             NaN Numerical deriv             NaN
 Row   17 node    6 DOF    2 Stiffness             NaN Numerical deriv             NaN
 Row   18 node    6 DOF    3 Stiffness             NaN Numerical deriv             NaN
 Row   19 node    7 DOF    1 Stiffness             NaN Numerical deriv             NaN
 Row   20 node    7 DOF    2 Stiffness             NaN Numerical deriv             NaN
 Row   21 node    7 DOF    3 Stiffness             NaN Numerical deriv             NaN
 Row   22 node    8 DOF    1 Stiffness             NaN Numerical deriv             NaN
 Row   23 node    8 DOF    2 Stiffness             NaN Numerical deriv             NaN
 Row   24 node    8 DOF    3 Stiffness             NaN Numerical deriv             NaN

  Column            7  node            3  DOF            1
 Row    1 node    1 DOF    1 Stiffness             NaN Numerical deriv             NaN
 Row    2 node    1 DOF    2 Stiffness             NaN Numerical deriv             NaN
 Row    3 node    1 DOF    3 Stiffness             NaN Numerical deriv             NaN
 Row    4 node    2 DOF    1 Stiffness             NaN Numerical deriv             NaN
 Row    5 node    2 DOF    2 Stiffness             NaN Numerical deriv             NaN
 Row    6 node    2 DOF    3 Stiffness             NaN Numerical deriv             NaN
 Row    7 node    3 DOF    1 Stiffness             NaN Numerical deriv             NaN
 Row    8 node    3 DOF    2 Stiffness             NaN Numerical deriv             NaN
 Row    9 node    3 DOF    3 Stiffness             NaN Numerical deriv             NaN
 Row   10 node    4 DOF    1 Stiffness             NaN Numerical deriv             NaN
 Row   11 node    4 DOF    2 Stiffness             NaN Numerical deriv             NaN
 Row   12 node    4 DOF    3 Stiffness             NaN Numerical deriv             NaN
 Row   13 node    5 DOF    1 Stiffness             NaN Numerical deriv             NaN
 Row   14 node    5 DOF    2 Stiffness             NaN Numerical deriv             NaN
 Row   15 node    5 DOF    3 Stiffness             NaN Numerical deriv             NaN
 Row   16 node    6 DOF    1 Stiffness             NaN Numerical deriv             NaN
 Row   17 node    6 DOF    2 Stiffness             NaN Numerical deriv             NaN
 Row   18 node    6 DOF    3 Stiffness             NaN Numerical deriv             NaN
 Row   19 node    7 DOF    1 Stiffness             NaN Numerical deriv             NaN
 Row   20 node    7 DOF    2 Stiffness             NaN Numerical deriv             NaN
 Row   21 node    7 DOF    3 Stiffness             NaN Numerical deriv             NaN
 Row   22 node    8 DOF    1 Stiffness             NaN Numerical deriv             NaN
 Row   23 node    8 DOF    2 Stiffness             NaN Numerical deriv             NaN
 Row   24 node    8 DOF    3 Stiffness             NaN Numerical deriv             NaN

  Column            8  node            3  DOF            2
 Row    1 node    1 DOF    1 Stiffness             NaN Numerical deriv             NaN
 Row    2 node    1 DOF    2 Stiffness             NaN Numerical deriv             NaN
 Row    3 node    1 DOF    3 Stiffness             NaN Numerical deriv             NaN
 Row    4 node    2 DOF    1 Stiffness             NaN Numerical deriv             NaN
 Row    5 node    2 DOF    2 Stiffness             NaN Numerical deriv             NaN
 Row    6 node    2 DOF    3 Stiffness             NaN Numerical deriv             NaN
 Row    7 node    3 DOF    1 Stiffness             NaN Numerical deriv             NaN
 Row    8 node    3 DOF    2 Stiffness             NaN Numerical deriv             NaN
 Row    9 node    3 DOF    3 Stiffness             NaN Numerical deriv             NaN
 Row   10 node    4 DOF    1 Stiffness             NaN Numerical deriv             NaN
 Row   11 node    4 DOF    2 Stiffness             NaN Numerical deriv             NaN
 Row   12 node    4 DOF    3 Stiffness             NaN Numerical deriv             NaN
 Row   13 node    5 DOF    1 Stiffness             NaN Numerical deriv             NaN
 Row   14 node    5 DOF    2 Stiffness             NaN Numerical deriv             NaN
 Row   15 node    5 DOF    3 Stiffness             NaN Numerical deriv             NaN
 Row   16 node    6 DOF    1 Stiffness             NaN Numerical deriv             NaN
 Row   17 node    6 DOF    2 Stiffness             NaN Numerical deriv             NaN
 Row   18 node    6 DOF    3 Stiffness             NaN Numerical deriv             NaN
 Row   19 node    7 DOF    1 Stiffness             NaN Numerical deriv             NaN
 Row   20 node    7 DOF    2 Stiffness             NaN Numerical deriv             NaN
 Row   21 node    7 DOF    3 Stiffness             NaN Numerical deriv             NaN
 Row   22 node    8 DOF    1 Stiffness             NaN Numerical deriv             NaN
 Row   23 node    8 DOF    2 Stiffness             NaN Numerical deriv             NaN
 Row   24 node    8 DOF    3 Stiffness             NaN Numerical deriv             NaN

  Column            9  node            3  DOF            3
 Row    1 node    1 DOF    1 Stiffness             NaN Numerical deriv             NaN
 Row    2 node    1 DOF    2 Stiffness             NaN Numerical deriv             NaN
 Row    3 node    1 DOF    3 Stiffness             NaN Numerical deriv             NaN
 Row    4 node    2 DOF    1 Stiffness             NaN Numerical deriv             NaN
 Row    5 node    2 DOF    2 Stiffness             NaN Numerical deriv             NaN
 Row    6 node    2 DOF    3 Stiffness             NaN Numerical deriv             NaN
 Row    7 node    3 DOF    1 Stiffness             NaN Numerical deriv             NaN
 Row    8 node    3 DOF    2 Stiffness             NaN Numerical deriv             NaN
 Row    9 node    3 DOF    3 Stiffness             NaN Numerical deriv             NaN
 Row   10 node    4 DOF    1 Stiffness             NaN Numerical deriv             NaN
 Row   11 node    4 DOF    2 Stiffness             NaN Numerical deriv             NaN
 Row   12 node    4 DOF    3 Stiffness             NaN Numerical deriv             NaN
 Row   13 node    5 DOF    1 Stiffness             NaN Numerical deriv             NaN
 Row   14 node    5 DOF    2 Stiffness             NaN Numerical deriv             NaN
 Row   15 node    5 DOF    3 Stiffness             NaN Numerical deriv             NaN
 Row   16 node    6 DOF    1 Stiffness             NaN Numerical deriv             NaN
 Row   17 node    6 DOF    2 Stiffness             NaN Numerical deriv             NaN
 Row   18 node    6 DOF    3 Stiffness             NaN Numerical deriv             NaN
 Row   19 node    7 DOF    1 Stiffness             NaN Numerical deriv             NaN
 Row   20 node    7 DOF    2 Stiffness             NaN Numerical deriv             NaN
 Row   21 node    7 DOF    3 Stiffness             NaN Numerical deriv             NaN
 Row   22 node    8 DOF    1 Stiffness             NaN Numerical deriv             NaN
 Row   23 node    8 DOF    2 Stiffness             NaN Numerical deriv             NaN
 Row   24 node    8 DOF    3 Stiffness             NaN Numerical deriv             NaN

  Column           10  node            4  DOF            1
 Row    1 node    1 DOF    1 Stiffness             NaN Numerical deriv             NaN
 Row    2 node    1 DOF    2 Stiffness             NaN Numerical deriv             NaN
 Row    3 node    1 DOF    3 Stiffness             NaN Numerical deriv             NaN
 Row    4 node    2 DOF    1 Stiffness             NaN Numerical deriv             NaN
 Row    5 node    2 DOF    2 Stiffness             NaN Numerical deriv             NaN
 Row    6 node    2 DOF    3 Stiffness             NaN Numerical deriv             NaN
 Row    7 node    3 DOF    1 Stiffness             NaN Numerical deriv             NaN
 Row    8 node    3 DOF    2 Stiffness             NaN Numerical deriv             NaN
 Row    9 node    3 DOF    3 Stiffness             NaN Numerical deriv             NaN
 Row   10 node    4 DOF    1 Stiffness             NaN Numerical deriv             NaN
 Row   11 node    4 DOF    2 Stiffness             NaN Numerical deriv             NaN
 Row   12 node    4 DOF    3 Stiffness             NaN Numerical deriv             NaN
 Row   13 node    5 DOF    1 Stiffness             NaN Numerical deriv             NaN
 Row   14 node    5 DOF    2 Stiffness             NaN Numerical deriv             NaN
 Row   15 node    5 DOF    3 Stiffness             NaN Numerical deriv             NaN
 Row   16 node    6 DOF    1 Stiffness             NaN Numerical deriv             NaN
 Row   17 node    6 DOF    2 Stiffness             NaN Numerical deriv             NaN
 Row   18 node    6 DOF    3 Stiffness             NaN Numerical deriv             NaN
 Row   19 node    7 DOF    1 Stiffness             NaN Numerical deriv             NaN
 Row   20 node    7 DOF    2 Stiffness             NaN Numerical deriv             NaN
 Row   21 node    7 DOF    3 Stiffness             NaN Numerical deriv             NaN
 Row   22 node    8 DOF    1 Stiffness             NaN Numerical deriv             NaN
 Row   23 node    8 DOF    2 Stiffness             NaN Numerical deriv             NaN
 Row   24 node    8 DOF    3 Stiffness             NaN Numerical deriv             NaN

  Column           11  node            4  DOF            2
 Row    1 node    1 DOF    1 Stiffness             NaN Numerical deriv             NaN
 Row    2 node    1 DOF    2 Stiffness             NaN Numerical deriv             NaN
 Row    3 node    1 DOF    3 Stiffness             NaN Numerical deriv             NaN
 Row    4 node    2 DOF    1 Stiffness             NaN Numerical deriv             NaN
 Row    5 node    2 DOF    2 Stiffness             NaN Numerical deriv             NaN
 Row    6 node    2 DOF    3 Stiffness             NaN Numerical deriv             NaN
 Row    7 node    3 DOF    1 Stiffness             NaN Numerical deriv             NaN
 Row    8 node    3 DOF    2 Stiffness             NaN Numerical deriv             NaN
 Row    9 node    3 DOF    3 Stiffness             NaN Numerical deriv             NaN
 Row   10 node    4 DOF    1 Stiffness             NaN Numerical deriv             NaN
 Row   11 node    4 DOF    2 Stiffness             NaN Numerical deriv             NaN
 Row   12 node    4 DOF    3 Stiffness             NaN Numerical deriv             NaN
 Row   13 node    5 DOF    1 Stiffness             NaN Numerical deriv             NaN
 Row   14 node    5 DOF    2 Stiffness             NaN Numerical deriv             NaN
 Row   15 node    5 DOF    3 Stiffness             NaN Numerical deriv             NaN
 Row   16 node    6 DOF    1 Stiffness             NaN Numerical deriv             NaN
 Row   17 node    6 DOF    2 Stiffness             NaN Numerical deriv             NaN
 Row   18 node    6 DOF    3 Stiffness             NaN Numerical deriv             NaN
 Row   19 node    7 DOF    1 Stiffness             NaN Numerical deriv             NaN
 Row   20 node    7 DOF    2 Stiffness             NaN Numerical deriv             NaN
 Row   21 node    7 DOF    3 Stiffness             NaN Numerical deriv             NaN
 Row   22 node    8 DOF    1 Stiffness             NaN Numerical deriv             NaN
 Row   23 node    8 DOF    2 Stiffness             NaN Numerical deriv             NaN
 Row   24 node    8 DOF    3 Stiffness             NaN Numerical deriv             NaN

  Column           12  node            4  DOF            3
 Row    1 node    1 DOF    1 Stiffness             NaN Numerical deriv             NaN
 Row    2 node    1 DOF    2 Stiffness             NaN Numerical deriv             NaN
 Row    3 node    1 DOF    3 Stiffness             NaN Numerical deriv             NaN
 Row    4 node    2 DOF    1 Stiffness             NaN Numerical deriv             NaN
 Row    5 node    2 DOF    2 Stiffness             NaN Numerical deriv             NaN
 Row    6 node    2 DOF    3 Stiffness             NaN Numerical deriv             NaN
 Row    7 node    3 DOF    1 Stiffness             NaN Numerical deriv             NaN
 Row    8 node    3 DOF    2 Stiffness             NaN Numerical deriv             NaN
 Row    9 node    3 DOF    3 Stiffness             NaN Numerical deriv             NaN
 Row   10 node    4 DOF    1 Stiffness             NaN Numerical deriv             NaN
 Row   11 node    4 DOF    2 Stiffness             NaN Numerical deriv             NaN
 Row   12 node    4 DOF    3 Stiffness             NaN Numerical deriv             NaN
 Row   13 node    5 DOF    1 Stiffness             NaN Numerical deriv             NaN
 Row   14 node    5 DOF    2 Stiffness             NaN Numerical deriv             NaN
 Row   15 node    5 DOF    3 Stiffness             NaN Numerical deriv             NaN
 Row   16 node    6 DOF    1 Stiffness             NaN Numerical deriv             NaN
 Row   17 node    6 DOF    2 Stiffness             NaN Numerical deriv             NaN
 Row   18 node    6 DOF    3 Stiffness             NaN Numerical deriv             NaN
 Row   19 node    7 DOF    1 Stiffness             NaN Numerical deriv             NaN
 Row   20 node    7 DOF    2 Stiffness             NaN Numerical deriv             NaN
 Row   21 node    7 DOF    3 Stiffness             NaN Numerical deriv             NaN
 Row   22 node    8 DOF    1 Stiffness             NaN Numerical deriv             NaN
 Row   23 node    8 DOF    2 Stiffness             NaN Numerical deriv             NaN
 Row   24 node    8 DOF    3 Stiffness             NaN Numerical deriv             NaN

  Column           13  node            5  DOF            1
 Row    1 node    1 DOF    1 Stiffness             NaN Numerical deriv             NaN
 Row    2 node    1 DOF    2 Stiffness             NaN Numerical deriv             NaN
 Row    3 node    1 DOF    3 Stiffness             NaN Numerical deriv             NaN
 Row    4 node    2 DOF    1 Stiffness             NaN Numerical deriv             NaN
 Row    5 node    2 DOF    2 Stiffness             NaN Numerical deriv             NaN
 Row    6 node    2 DOF    3 Stiffness             NaN Numerical deriv             NaN
 Row    7 node    3 DOF    1 Stiffness             NaN Numerical deriv             NaN
 Row    8 node    3 DOF    2 Stiffness             NaN Numerical deriv             NaN
 Row    9 node    3 DOF    3 Stiffness             NaN Numerical deriv             NaN
 Row   10 node    4 DOF    1 Stiffness             NaN Numerical deriv             NaN
 Row   11 node    4 DOF    2 Stiffness             NaN Numerical deriv             NaN
 Row   12 node    4 DOF    3 Stiffness             NaN Numerical deriv             NaN
 Row   13 node    5 DOF    1 Stiffness             NaN Numerical deriv             NaN
 Row   14 node    5 DOF    2 Stiffness             NaN Numerical deriv             NaN
 Row   15 node    5 DOF    3 Stiffness             NaN Numerical deriv             NaN
 Row   16 node    6 DOF    1 Stiffness             NaN Numerical deriv             NaN
 Row   17 node    6 DOF    2 Stiffness             NaN Numerical deriv             NaN
 Row   18 node    6 DOF    3 Stiffness             NaN Numerical deriv             NaN
 Row   19 node    7 DOF    1 Stiffness             NaN Numerical deriv             NaN
 Row   20 node    7 DOF    2 Stiffness             NaN Numerical deriv             NaN
 Row   21 node    7 DOF    3 Stiffness             NaN Numerical deriv             NaN
 Row   22 node    8 DOF    1 Stiffness             NaN Numerical deriv             NaN
 Row   23 node    8 DOF    2 Stiffness             NaN Numerical deriv             NaN
 Row   24 node    8 DOF    3 Stiffness             NaN Numerical deriv             NaN

  Column           14  node            5  DOF            2
 Row    1 node    1 DOF    1 Stiffness             NaN Numerical deriv             NaN
 Row    2 node    1 DOF    2 Stiffness             NaN Numerical deriv             NaN
 Row    3 node    1 DOF    3 Stiffness             NaN Numerical deriv             NaN
 Row    4 node    2 DOF    1 Stiffness             NaN Numerical deriv             NaN
 Row    5 node    2 DOF    2 Stiffness             NaN Numerical deriv             NaN
 Row    6 node    2 DOF    3 Stiffness             NaN Numerical deriv             NaN
 Row    7 node    3 DOF    1 Stiffness             NaN Numerical deriv             NaN
 Row    8 node    3 DOF    2 Stiffness             NaN Numerical deriv             NaN
 Row    9 node    3 DOF    3 Stiffness             NaN Numerical deriv             NaN
 Row   10 node    4 DOF    1 Stiffness             NaN Numerical deriv             NaN
 Row   11 node    4 DOF    2 Stiffness             NaN Numerical deriv             NaN
 Row   12 node    4 DOF    3 Stiffness             NaN Numerical deriv             NaN
 Row   13 node    5 DOF    1 Stiffness             NaN Numerical deriv             NaN
 Row   14 node    5 DOF    2 Stiffness             NaN Numerical deriv             NaN
 Row   15 node    5 DOF    3 Stiffness             NaN Numerical deriv             NaN
 Row   16 node    6 DOF    1 Stiffness             NaN Numerical deriv             NaN
 Row   17 node    6 DOF    2 Stiffness             NaN Numerical deriv             NaN
 Row   18 node    6 DOF    3 Stiffness             NaN Numerical deriv             NaN
 Row   19 node    7 DOF    1 Stiffness             NaN Numerical deriv             NaN
 Row   20 node    7 DOF    2 Stiffness             NaN Numerical deriv             NaN
 Row   21 node    7 DOF    3 Stiffness             NaN Numerical deriv             NaN
 Row   22 node    8 DOF    1 Stiffness             NaN Numerical deriv             NaN
 Row   23 node    8 DOF    2 Stiffness             NaN Numerical deriv             NaN
 Row   24 node    8 DOF    3 Stiffness             NaN Numerical deriv             NaN

  Column           15  node            5  DOF            3
 Row    1 node    1 DOF    1 Stiffness             NaN Numerical deriv             NaN
 Row    2 node    1 DOF    2 Stiffness             NaN Numerical deriv             NaN
 Row    3 node    1 DOF    3 Stiffness             NaN Numerical deriv             NaN
 Row    4 node    2 DOF    1 Stiffness             NaN Numerical deriv             NaN
 Row    5 node    2 DOF    2 Stiffness             NaN Numerical deriv             NaN
 Row    6 node    2 DOF    3 Stiffness             NaN Numerical deriv             NaN
 Row    7 node    3 DOF    1 Stiffness             NaN Numerical deriv             NaN
 Row    8 node    3 DOF    2 Stiffness             NaN Numerical deriv             NaN
 Row    9 node    3 DOF    3 Stiffness             NaN Numerical deriv             NaN
 Row   10 node    4 DOF    1 Stiffness             NaN Numerical deriv             NaN
 Row   11 node    4 DOF    2 Stiffness             NaN Numerical deriv             NaN
 Row   12 node    4 DOF    3 Stiffness             NaN Numerical deriv             NaN
 Row   13 node    5 DOF    1 Stiffness             NaN Numerical deriv             NaN
 Row   14 node    5 DOF    2 Stiffness             NaN Numerical deriv             NaN
 Row   15 node    5 DOF    3 Stiffness             NaN Numerical deriv             NaN
 Row   16 node    6 DOF    1 Stiffness             NaN Numerical deriv             NaN
 Row   17 node    6 DOF    2 Stiffness             NaN Numerical deriv             NaN
 Row   18 node    6 DOF    3 Stiffness             NaN Numerical deriv             NaN
 Row   19 node    7 DOF    1 Stiffness             NaN Numerical deriv             NaN
 Row   20 node    7 DOF    2 Stiffness             NaN Numerical deriv             NaN
 Row   21 node    7 DOF    3 Stiffness             NaN Numerical deriv             NaN
 Row   22 node    8 DOF    1 Stiffness             NaN Numerical deriv             NaN
 Row   23 node    8 DOF    2 Stiffness             NaN Numerical deriv             NaN
 Row   24 node    8 DOF    3 Stiffness             NaN Numerical deriv             NaN

  Column           16  node            6  DOF            1
 Row    1 node    1 DOF    1 Stiffness             NaN Numerical deriv             NaN
 Row    2 node    1 DOF    2 Stiffness             NaN Numerical deriv             NaN
 Row    3 node    1 DOF    3 Stiffness             NaN Numerical deriv             NaN
 Row    4 node    2 DOF    1 Stiffness             NaN Numerical deriv             NaN
 Row    5 node    2 DOF    2 Stiffness             NaN Numerical deriv             NaN
 Row    6 node    2 DOF    3 Stiffness             NaN Numerical deriv             NaN
 Row    7 node    3 DOF    1 Stiffness             NaN Numerical deriv             NaN
 Row    8 node    3 DOF    2 Stiffness             NaN Numerical deriv             NaN
 Row    9 node    3 DOF    3 Stiffness             NaN Numerical deriv             NaN
 Row   10 node    4 DOF    1 Stiffness             NaN Numerical deriv             NaN
 Row   11 node    4 DOF    2 Stiffness             NaN Numerical deriv             NaN
 Row   12 node    4 DOF    3 Stiffness             NaN Numerical deriv             NaN
 Row   13 node    5 DOF    1 Stiffness             NaN Numerical deriv             NaN
 Row   14 node    5 DOF    2 Stiffness             NaN Numerical deriv             NaN
 Row   15 node    5 DOF    3 Stiffness             NaN Numerical deriv             NaN
 Row   16 node    6 DOF    1 Stiffness             NaN Numerical deriv             NaN
 Row   17 node    6 DOF    2 Stiffness             NaN Numerical deriv             NaN
 Row   18 node    6 DOF    3 Stiffness             NaN Numerical deriv             NaN
 Row   19 node    7 DOF    1 Stiffness             NaN Numerical deriv             NaN
 Row   20 node    7 DOF    2 Stiffness             NaN Numerical deriv             NaN
 Row   21 node    7 DOF    3 Stiffness             NaN Numerical deriv             NaN
 Row   22 node    8 DOF    1 Stiffness             NaN Numerical deriv             NaN
 Row   23 node    8 DOF    2 Stiffness             NaN Numerical deriv             NaN
 Row   24 node    8 DOF    3 Stiffness             NaN Numerical deriv             NaN

  Column           17  node            6  DOF            2
 Row    1 node    1 DOF    1 Stiffness             NaN Numerical deriv             NaN
 Row    2 node    1 DOF    2 Stiffness             NaN Numerical deriv             NaN
 Row    3 node    1 DOF    3 Stiffness             NaN Numerical deriv             NaN
 Row    4 node    2 DOF    1 Stiffness             NaN Numerical deriv             NaN
 Row    5 node    2 DOF    2 Stiffness             NaN Numerical deriv             NaN
 Row    6 node    2 DOF    3 Stiffness             NaN Numerical deriv             NaN
 Row    7 node    3 DOF    1 Stiffness             NaN Numerical deriv             NaN
 Row    8 node    3 DOF    2 Stiffness             NaN Numerical deriv             NaN
 Row    9 node    3 DOF    3 Stiffness             NaN Numerical deriv             NaN
 Row   10 node    4 DOF    1 Stiffness             NaN Numerical deriv             NaN
 Row   11 node    4 DOF    2 Stiffness             NaN Numerical deriv             NaN
 Row   12 node    4 DOF    3 Stiffness             NaN Numerical deriv             NaN
 Row   13 node    5 DOF    1 Stiffness             NaN Numerical deriv             NaN
 Row   14 node    5 DOF    2 Stiffness             NaN Numerical deriv             NaN
 Row   15 node    5 DOF    3 Stiffness             NaN Numerical deriv             NaN
 Row   16 node    6 DOF    1 Stiffness             NaN Numerical deriv             NaN
 Row   17 node    6 DOF    2 Stiffness             NaN Numerical deriv             NaN
 Row   18 node    6 DOF    3 Stiffness             NaN Numerical deriv             NaN
 Row   19 node    7 DOF    1 Stiffness             NaN Numerical deriv             NaN
 Row   20 node    7 DOF    2 Stiffness             NaN Numerical deriv             NaN
 Row   21 node    7 DOF    3 Stiffness             NaN Numerical deriv             NaN
 Row   22 node    8 DOF    1 Stiffness             NaN Numerical deriv             NaN
 Row   23 node    8 DOF    2 Stiffness             NaN Numerical deriv             NaN
 Row   24 node    8 DOF    3 Stiffness             NaN Numerical deriv             NaN

  Column           18  node            6  DOF            3
 Row    1 node    1 DOF    1 Stiffness             NaN Numerical deriv             NaN
 Row    2 node    1 DOF    2 Stiffness             NaN Numerical deriv             NaN
 Row    3 node    1 DOF    3 Stiffness             NaN Numerical deriv             NaN
 Row    4 node    2 DOF    1 Stiffness             NaN Numerical deriv             NaN
 Row    5 node    2 DOF    2 Stiffness             NaN Numerical deriv             NaN
 Row    6 node    2 DOF    3 Stiffness             NaN Numerical deriv             NaN
 Row    7 node    3 DOF    1 Stiffness             NaN Numerical deriv             NaN
 Row    8 node    3 DOF    2 Stiffness             NaN Numerical deriv             NaN
 Row    9 node    3 DOF    3 Stiffness             NaN Numerical deriv             NaN
 Row   10 node    4 DOF    1 Stiffness             NaN Numerical deriv             NaN
 Row   11 node    4 DOF    2 Stiffness             NaN Numerical deriv             NaN
 Row   12 node    4 DOF    3 Stiffness             NaN Numerical deriv             NaN
 Row   13 node    5 DOF    1 Stiffness             NaN Numerical deriv             NaN
 Row   14 node    5 DOF    2 Stiffness             NaN Numerical deriv             NaN
 Row   15 node    5 DOF    3 Stiffness             NaN Numerical deriv             NaN
 Row   16 node    6 DOF    1 Stiffness             NaN Numerical deriv             NaN
 Row   17 node    6 DOF    2 Stiffness             NaN Numerical deriv             NaN
 Row   18 node    6 DOF    3 Stiffness             NaN Numerical deriv             NaN
 Row   19 node    7 DOF    1 Stiffness             NaN Numerical deriv             NaN
 Row   20 node    7 DOF    2 Stiffness             NaN Numerical deriv             NaN
 Row   21 node    7 DOF    3 Stiffness             NaN Numerical deriv             NaN
 Row   22 node    8 DOF    1 Stiffness             NaN Numerical deriv             NaN
 Row   23 node    8 DOF    2 Stiffness             NaN Numerical deriv             NaN
 Row   24 node    8 DOF    3 Stiffness             NaN Numerical deriv             NaN

  Column           19  node            7  DOF            1
 Row    1 node    1 DOF    1 Stiffness             NaN Numerical deriv             NaN
 Row    2 node    1 DOF    2 Stiffness             NaN Numerical deriv             NaN
 Row    3 node    1 DOF    3 Stiffness             NaN Numerical deriv             NaN
 Row    4 node    2 DOF    1 Stiffness             NaN Numerical deriv             NaN
 Row    5 node    2 DOF    2 Stiffness             NaN Numerical deriv             NaN
 Row    6 node    2 DOF    3 Stiffness             NaN Numerical deriv             NaN
 Row    7 node    3 DOF    1 Stiffness             NaN Numerical deriv             NaN
 Row    8 node    3 DOF    2 Stiffness             NaN Numerical deriv             NaN
 Row    9 node    3 DOF    3 Stiffness             NaN Numerical deriv             NaN
 Row   10 node    4 DOF    1 Stiffness             NaN Numerical deriv             NaN
 Row   11 node    4 DOF    2 Stiffness             NaN Numerical deriv             NaN
 Row   12 node    4 DOF    3 Stiffness             NaN Numerical deriv             NaN
 Row   13 node    5 DOF    1 Stiffness             NaN Numerical deriv             NaN
 Row   14 node    5 DOF    2 Stiffness             NaN Numerical deriv             NaN
 Row   15 node    5 DOF    3 Stiffness             NaN Numerical deriv             NaN
 Row   16 node    6 DOF    1 Stiffness             NaN Numerical deriv             NaN
 Row   17 node    6 DOF    2 Stiffness             NaN Numerical deriv             NaN
 Row   18 node    6 DOF    3 Stiffness             NaN Numerical deriv             NaN
 Row   19 node    7 DOF    1 Stiffness             NaN Numerical deriv             NaN
 Row   20 node    7 DOF    2 Stiffness             NaN Numerical deriv             NaN
 Row   21 node    7 DOF    3 Stiffness             NaN Numerical deriv             NaN
 Row   22 node    8 DOF    1 Stiffness             NaN Numerical deriv             NaN
 Row   23 node    8 DOF    2 Stiffness             NaN Numerical deriv             NaN
 Row   24 node    8 DOF    3 Stiffness             NaN Numerical deriv             NaN

  Column           20  node            7  DOF            2
 Row    1 node    1 DOF    1 Stiffness             NaN Numerical deriv             NaN
 Row    2 node    1 DOF    2 Stiffness             NaN Numerical deriv             NaN
 Row    3 node    1 DOF    3 Stiffness             NaN Numerical deriv             NaN
 Row    4 node    2 DOF    1 Stiffness             NaN Numerical deriv             NaN
 Row    5 node    2 DOF    2 Stiffness             NaN Numerical deriv             NaN
 Row    6 node    2 DOF    3 Stiffness             NaN Numerical deriv             NaN
 Row    7 node    3 DOF    1 Stiffness             NaN Numerical deriv             NaN
 Row    8 node    3 DOF    2 Stiffness             NaN Numerical deriv             NaN
 Row    9 node    3 DOF    3 Stiffness             NaN Numerical deriv             NaN
 Row   10 node    4 DOF    1 Stiffness             NaN Numerical deriv             NaN
 Row   11 node    4 DOF    2 Stiffness             NaN Numerical deriv             NaN
 Row   12 node    4 DOF    3 Stiffness             NaN Numerical deriv             NaN
 Row   13 node    5 DOF    1 Stiffness             NaN Numerical deriv             NaN
 Row   14 node    5 DOF    2 Stiffness             NaN Numerical deriv             NaN
 Row   15 node    5 DOF    3 Stiffness             NaN Numerical deriv             NaN
 Row   16 node    6 DOF    1 Stiffness             NaN Numerical deriv             NaN
 Row   17 node    6 DOF    2 Stiffness             NaN Numerical deriv             NaN
 Row   18 node    6 DOF    3 Stiffness             NaN Numerical deriv             NaN
 Row   19 node    7 DOF    1 Stiffness             NaN Numerical deriv             NaN
 Row   20 node    7 DOF    2 Stiffness             NaN Numerical deriv             NaN
 Row   21 node    7 DOF    3 Stiffness             NaN Numerical deriv             NaN
 Row   22 node    8 DOF    1 Stiffness             NaN Numerical deriv             NaN
 Row   23 node    8 DOF    2 Stiffness             NaN Numerical deriv             NaN
 Row   24 node    8 DOF    3 Stiffness             NaN Numerical deriv             NaN

  Column           21  node            7  DOF            3
 Row    1 node    1 DOF    1 Stiffness             NaN Numerical deriv             NaN
 Row    2 node    1 DOF    2 Stiffness             NaN Numerical deriv             NaN
 Row    3 node    1 DOF    3 Stiffness             NaN Numerical deriv             NaN
 Row    4 node    2 DOF    1 Stiffness             NaN Numerical deriv             NaN
 Row    5 node    2 DOF    2 Stiffness             NaN Numerical deriv             NaN
 Row    6 node    2 DOF    3 Stiffness             NaN Numerical deriv             NaN
 Row    7 node    3 DOF    1 Stiffness             NaN Numerical deriv             NaN
 Row    8 node    3 DOF    2 Stiffness             NaN Numerical deriv             NaN
 Row    9 node    3 DOF    3 Stiffness             NaN Numerical deriv             NaN
 Row   10 node    4 DOF    1 Stiffness             NaN Numerical deriv             NaN
 Row   11 node    4 DOF    2 Stiffness             NaN Numerical deriv             NaN
 Row   12 node    4 DOF    3 Stiffness             NaN Numerical deriv             NaN
 Row   13 node    5 DOF    1 Stiffness             NaN Numerical deriv             NaN
 Row   14 node    5 DOF    2 Stiffness             NaN Numerical deriv             NaN
 Row   15 node    5 DOF    3 Stiffness             NaN Numerical deriv             NaN
 Row   16 node    6 DOF    1 Stiffness             NaN Numerical deriv             NaN
 Row   17 node    6 DOF    2 Stiffness             NaN Numerical deriv             NaN
 Row   18 node    6 DOF    3 Stiffness             NaN Numerical deriv             NaN
 Row   19 node    7 DOF    1 Stiffness             NaN Numerical deriv             NaN
 Row   20 node    7 DOF    2 Stiffness             NaN Numerical deriv             NaN
 Row   21 node    7 DOF    3 Stiffness             NaN Numerical deriv             NaN
 Row   22 node    8 DOF    1 Stiffness             NaN Numerical deriv             NaN
 Row   23 node    8 DOF    2 Stiffness             NaN Numerical deriv             NaN
 Row   24 node    8 DOF    3 Stiffness             NaN Numerical deriv             NaN

  Column           22  node            8  DOF            1
 Row    1 node    1 DOF    1 Stiffness             NaN Numerical deriv             NaN
 Row    2 node    1 DOF    2 Stiffness             NaN Numerical deriv             NaN
 Row    3 node    1 DOF    3 Stiffness             NaN Numerical deriv             NaN
 Row    4 node    2 DOF    1 Stiffness             NaN Numerical deriv             NaN
 Row    5 node    2 DOF    2 Stiffness             NaN Numerical deriv             NaN
 Row    6 node    2 DOF    3 Stiffness             NaN Numerical deriv             NaN
 Row    7 node    3 DOF    1 Stiffness             NaN Numerical deriv             NaN
 Row    8 node    3 DOF    2 Stiffness             NaN Numerical deriv             NaN
 Row    9 node    3 DOF    3 Stiffness             NaN Numerical deriv             NaN
 Row   10 node    4 DOF    1 Stiffness             NaN Numerical deriv             NaN
 Row   11 node    4 DOF    2 Stiffness             NaN Numerical deriv             NaN
 Row   12 node    4 DOF    3 Stiffness             NaN Numerical deriv             NaN
 Row   13 node    5 DOF    1 Stiffness             NaN Numerical deriv             NaN
 Row   14 node    5 DOF    2 Stiffness             NaN Numerical deriv             NaN
 Row   15 node    5 DOF    3 Stiffness             NaN Numerical deriv             NaN
 Row   16 node    6 DOF    1 Stiffness             NaN Numerical deriv             NaN
 Row   17 node    6 DOF    2 Stiffness             NaN Numerical deriv             NaN
 Row   18 node    6 DOF    3 Stiffness             NaN Numerical deriv             NaN
 Row   19 node    7 DOF    1 Stiffness             NaN Numerical deriv             NaN
 Row   20 node    7 DOF    2 Stiffness             NaN Numerical deriv             NaN
 Row   21 node    7 DOF    3 Stiffness             NaN Numerical deriv             NaN
 Row   22 node    8 DOF    1 Stiffness             NaN Numerical deriv             NaN
 Row   23 node    8 DOF    2 Stiffness             NaN Numerical deriv             NaN
 Row   24 node    8 DOF    3 Stiffness             NaN Numerical deriv             NaN

  Column           23  node            8  DOF            2
 Row    1 node    1 DOF    1 Stiffness             NaN Numerical deriv             NaN
 Row    2 node    1 DOF    2 Stiffness             NaN Numerical deriv             NaN
 Row    3 node    1 DOF    3 Stiffness             NaN Numerical deriv             NaN
 Row    4 node    2 DOF    1 Stiffness             NaN Numerical deriv             NaN
 Row    5 node    2 DOF    2 Stiffness             NaN Numerical deriv             NaN
 Row    6 node    2 DOF    3 Stiffness             NaN Numerical deriv             NaN
 Row    7 node    3 DOF    1 Stiffness             NaN Numerical deriv             NaN
 Row    8 node    3 DOF    2 Stiffness             NaN Numerical deriv             NaN
 Row    9 node    3 DOF    3 Stiffness             NaN Numerical deriv             NaN
 Row   10 node    4 DOF    1 Stiffness             NaN Numerical deriv             NaN
 Row   11 node    4 DOF    2 Stiffness             NaN Numerical deriv             NaN
 Row   12 node    4 DOF    3 Stiffness             NaN Numerical deriv             NaN
 Row   13 node    5 DOF    1 Stiffness             NaN Numerical deriv             NaN
 Row   14 node    5 DOF    2 Stiffness             NaN Numerical deriv             NaN
 Row   15 node    5 DOF    3 Stiffness             NaN Numerical deriv             NaN
 Row   16 node    6 DOF    1 Stiffness             NaN Numerical deriv             NaN
 Row   17 node    6 DOF    2 Stiffness             NaN Numerical deriv             NaN
 Row   18 node    6 DOF    3 Stiffness             NaN Numerical deriv             NaN
 Row   19 node    7 DOF    1 Stiffness             NaN Numerical deriv             NaN
 Row   20 node    7 DOF    2 Stiffness             NaN Numerical deriv             NaN
 Row   21 node    7 DOF    3 Stiffness             NaN Numerical deriv             NaN
 Row   22 node    8 DOF    1 Stiffness             NaN Numerical deriv             NaN
 Row   23 node    8 DOF    2 Stiffness             NaN Numerical deriv             NaN
 Row   24 node    8 DOF    3 Stiffness             NaN Numerical deriv             NaN

  Column           24  node            8  DOF            3
 Row    1 node    1 DOF    1 Stiffness             NaN Numerical deriv             NaN
 Row    2 node    1 DOF    2 Stiffness             NaN Numerical deriv             NaN
 Row    3 node    1 DOF    3 Stiffness             NaN Numerical deriv             NaN
 Row    4 node    2 DOF    1 Stiffness             NaN Numerical deriv             NaN
 Row    5 node    2 DOF    2 Stiffness             NaN Numerical deriv             NaN
 Row    6 node    2 DOF    3 Stiffness             NaN Numerical deriv             NaN
 Row    7 node    3 DOF    1 Stiffness             NaN Numerical deriv             NaN
 Row    8 node    3 DOF    2 Stiffness             NaN Numerical deriv             NaN
 Row    9 node    3 DOF    3 Stiffness             NaN Numerical deriv             NaN
 Row   10 node    4 DOF    1 Stiffness             NaN Numerical deriv             NaN
 Row   11 node    4 DOF    2 Stiffness             NaN Numerical deriv             NaN
 Row   12 node    4 DOF    3 Stiffness             NaN Numerical deriv             NaN
 Row   13 node    5 DOF    1 Stiffness             NaN Numerical deriv             NaN
 Row   14 node    5 DOF    2 Stiffness             NaN Numerical deriv             NaN
 Row   15 node    5 DOF    3 Stiffness             NaN Numerical deriv             NaN
 Row   16 node    6 DOF    1 Stiffness             NaN Numerical deriv             NaN
 Row   17 node    6 DOF    2 Stiffness             NaN Numerical deriv             NaN
 Row   18 node    6 DOF    3 Stiffness             NaN Numerical deriv             NaN
 Row   19 node    7 DOF    1 Stiffness             NaN Numerical deriv             NaN
 Row   20 node    7 DOF    2 Stiffness             NaN Numerical deriv             NaN
 Row   21 node    7 DOF    3 Stiffness             NaN Numerical deriv             NaN
 Row   22 node    8 DOF    1 Stiffness             NaN Numerical deriv             NaN
 Row   23 node    8 DOF    2 Stiffness             NaN Numerical deriv             NaN
 Row   24 node    8 DOF    3 Stiffness             NaN Numerical deriv             NaN


 Stiffness matrix is consistent with residual 


