

 The input file has been read successfully 
 Number of elements:                2
 Number of nodes:                  12
 Number of constraints:             0
 Total no. degrees of freedom:     36

  Column            1  node            1  DOF            1
 Row    1 node    1 DOF    1 Stiffness     0.23457D+03 Numerical deriv     0.30864D+03
 Row    2 node    1 DOF    2 Stiffness     0.92593D+02 Numerical deriv     0.12037D+03
 Row    3 node    1 DOF    3 Stiffness     0.92593D+02 Numerical deriv     0.12037D+03
 Row    4 node    2 DOF    1 Stiffness    -0.12346D+03 Numerical deriv    -0.86420D+02
 Row    5 node    2 DOF    2 Stiffness     0.37037D+02 Numerical deriv     0.92593D+01
 Row    6 node    2 DOF    3 Stiffness     0.37037D+02 Numerical deriv     0.92593D+01
 Row    7 node    3 DOF    1 Stiffness    -0.89506D+02 Numerical deriv    -0.98765D+02
 Row    8 node    3 DOF    2 Stiffness    -0.92593D+02 Numerical deriv    -0.12037D+03
 Row    9 node    3 DOF    3 Stiffness     0.18519D+02 Numerical deriv     0.46297D+01
 Row   10 node    4 DOF    1 Stiffness     0.61728D+02 Numerical deriv     0.43210D+02
 Row   11 node    4 DOF    2 Stiffness    -0.37037D+02 Numerical deriv    -0.92594D+01
 Row   12 node    4 DOF    3 Stiffness     0.46296D+02 Numerical deriv     0.60185D+02
 Row   13 node    5 DOF    1 Stiffness     0.61728D+02 Numerical deriv     0.43210D+02
 Row   14 node    5 DOF    2 Stiffness     0.46296D+02 Numerical deriv     0.60185D+02
 Row   15 node    5 DOF    3 Stiffness    -0.37037D+02 Numerical deriv    -0.92594D+01
 Row   16 node    6 DOF    1 Stiffness    -0.89506D+02 Numerical deriv    -0.98765D+02
 Row   17 node    6 DOF    2 Stiffness     0.18519D+02 Numerical deriv     0.46297D+01
 Row   18 node    6 DOF    3 Stiffness    -0.92593D+02 Numerical deriv    -0.12037D+03
 Row   19 node    7 DOF    1 Stiffness    -0.58642D+02 Numerical deriv    -0.77160D+02
 Row   20 node    7 DOF    2 Stiffness    -0.46296D+02 Numerical deriv    -0.60185D+02
 Row   21 node    7 DOF    3 Stiffness    -0.46296D+02 Numerical deriv    -0.60185D+02
 Row   22 node    8 DOF    1 Stiffness     0.30864D+01 Numerical deriv    -0.33951D+02
 Row   23 node    8 DOF    2 Stiffness    -0.18519D+02 Numerical deriv    -0.46297D+01
 Row   24 node    8 DOF    3 Stiffness    -0.18519D+02 Numerical deriv    -0.46297D+01

  Column            2  node            1  DOF            2
 Row    1 node    1 DOF    1 Stiffness     0.92593D+02 Numerical deriv     0.12037D+03
 Row    2 node    1 DOF    2 Stiffness     0.23457D+03 Numerical deriv     0.30864D+03
 Row    3 node    1 DOF    3 Stiffness     0.92593D+02 Numerical deriv     0.12037D+03
 Row    4 node    2 DOF    1 Stiffness    -0.37037D+02 Numerical deriv    -0.92594D+01
 Row    5 node    2 DOF    2 Stiffness     0.61728D+02 Numerical deriv     0.43210D+02
 Row    6 node    2 DOF    3 Stiffness     0.46296D+02 Numerical deriv     0.60185D+02
 Row    7 node    3 DOF    1 Stiffness    -0.92593D+02 Numerical deriv    -0.12037D+03
 Row    8 node    3 DOF    2 Stiffness    -0.89506D+02 Numerical deriv    -0.98765D+02
 Row    9 node    3 DOF    3 Stiffness     0.18519D+02 Numerical deriv     0.46297D+01
 Row   10 node    4 DOF    1 Stiffness     0.37037D+02 Numerical deriv     0.92593D+01
 Row   11 node    4 DOF    2 Stiffness    -0.12346D+03 Numerical deriv    -0.86420D+02
 Row   12 node    4 DOF    3 Stiffness     0.37037D+02 Numerical deriv     0.92593D+01
 Row   13 node    5 DOF    1 Stiffness     0.46296D+02 Numerical deriv     0.60185D+02
 Row   14 node    5 DOF    2 Stiffness     0.61728D+02 Numerical deriv     0.43210D+02
 Row   15 node    5 DOF    3 Stiffness    -0.37037D+02 Numerical deriv    -0.92594D+01
 Row   16 node    6 DOF    1 Stiffness    -0.18519D+02 Numerical deriv    -0.46297D+01
 Row   17 node    6 DOF    2 Stiffness     0.30864D+01 Numerical deriv    -0.33951D+02
 Row   18 node    6 DOF    3 Stiffness    -0.18519D+02 Numerical deriv    -0.46297D+01
 Row   19 node    7 DOF    1 Stiffness    -0.46296D+02 Numerical deriv    -0.60185D+02
 Row   20 node    7 DOF    2 Stiffness    -0.58642D+02 Numerical deriv    -0.77160D+02
 Row   21 node    7 DOF    3 Stiffness    -0.46296D+02 Numerical deriv    -0.60185D+02
 Row   22 node    8 DOF    1 Stiffness     0.18519D+02 Numerical deriv     0.46297D+01
 Row   23 node    8 DOF    2 Stiffness    -0.89506D+02 Numerical deriv    -0.98765D+02
 Row   24 node    8 DOF    3 Stiffness    -0.92593D+02 Numerical deriv    -0.12037D+03

  Column            3  node            1  DOF            3
 Row    1 node    1 DOF    1 Stiffness     0.92593D+02 Numerical deriv     0.12037D+03
 Row    2 node    1 DOF    2 Stiffness     0.92593D+02 Numerical deriv     0.12037D+03
 Row    3 node    1 DOF    3 Stiffness     0.23457D+03 Numerical deriv     0.30864D+03
 Row    4 node    2 DOF    1 Stiffness    -0.37037D+02 Numerical deriv    -0.92594D+01
 Row    5 node    2 DOF    2 Stiffness     0.46296D+02 Numerical deriv     0.60185D+02
 Row    6 node    2 DOF    3 Stiffness     0.61728D+02 Numerical deriv     0.43210D+02
 Row    7 node    3 DOF    1 Stiffness    -0.18519D+02 Numerical deriv    -0.46297D+01
 Row    8 node    3 DOF    2 Stiffness    -0.18519D+02 Numerical deriv    -0.46297D+01
 Row    9 node    3 DOF    3 Stiffness     0.30864D+01 Numerical deriv    -0.33951D+02
 Row   10 node    4 DOF    1 Stiffness     0.46296D+02 Numerical deriv     0.60185D+02
 Row   11 node    4 DOF    2 Stiffness    -0.37037D+02 Numerical deriv    -0.92594D+01
 Row   12 node    4 DOF    3 Stiffness     0.61728D+02 Numerical deriv     0.43210D+02
 Row   13 node    5 DOF    1 Stiffness     0.37037D+02 Numerical deriv     0.92593D+01
 Row   14 node    5 DOF    2 Stiffness     0.37037D+02 Numerical deriv     0.92593D+01
 Row   15 node    5 DOF    3 Stiffness    -0.12346D+03 Numerical deriv    -0.86420D+02
 Row   16 node    6 DOF    1 Stiffness    -0.92593D+02 Numerical deriv    -0.12037D+03
 Row   17 node    6 DOF    2 Stiffness     0.18519D+02 Numerical deriv     0.46297D+01
 Row   18 node    6 DOF    3 Stiffness    -0.89506D+02 Numerical deriv    -0.98765D+02
 Row   19 node    7 DOF    1 Stiffness    -0.46296D+02 Numerical deriv    -0.60185D+02
 Row   20 node    7 DOF    2 Stiffness    -0.46296D+02 Numerical deriv    -0.60185D+02
 Row   21 node    7 DOF    3 Stiffness    -0.58642D+02 Numerical deriv    -0.77160D+02
 Row   22 node    8 DOF    1 Stiffness     0.18519D+02 Numerical deriv     0.46297D+01
 Row   23 node    8 DOF    2 Stiffness    -0.92593D+02 Numerical deriv    -0.12037D+03
 Row   24 node    8 DOF    3 Stiffness    -0.89506D+02 Numerical deriv    -0.98765D+02

  Column            4  node            2  DOF            1
 Row    1 node    1 DOF    1 Stiffness    -0.12346D+03 Numerical deriv    -0.86420D+02
 Row    2 node    1 DOF    2 Stiffness    -0.37037D+02 Numerical deriv    -0.92593D+01
 Row    3 node    1 DOF    3 Stiffness    -0.37037D+02 Numerical deriv    -0.92593D+01
 Row    4 node    2 DOF    1 Stiffness     0.23457D+03 Numerical deriv     0.30864D+03
 Row    5 node    2 DOF    2 Stiffness    -0.92593D+02 Numerical deriv    -0.12037D+03
 Row    6 node    2 DOF    3 Stiffness    -0.92593D+02 Numerical deriv    -0.12037D+03
 Row    7 node    3 DOF    1 Stiffness     0.61728D+02 Numerical deriv     0.43210D+02
 Row    8 node    3 DOF    2 Stiffness     0.37037D+02 Numerical deriv     0.92594D+01
 Row    9 node    3 DOF    3 Stiffness    -0.46296D+02 Numerical deriv    -0.60185D+02
 Row   10 node    4 DOF    1 Stiffness    -0.89506D+02 Numerical deriv    -0.98765D+02
 Row   11 node    4 DOF    2 Stiffness     0.92593D+02 Numerical deriv     0.12037D+03
 Row   12 node    4 DOF    3 Stiffness    -0.18519D+02 Numerical deriv    -0.46297D+01
 Row   13 node    5 DOF    1 Stiffness    -0.89506D+02 Numerical deriv    -0.98765D+02
 Row   14 node    5 DOF    2 Stiffness    -0.18519D+02 Numerical deriv    -0.46297D+01
 Row   15 node    5 DOF    3 Stiffness     0.92593D+02 Numerical deriv     0.12037D+03
 Row   16 node    6 DOF    1 Stiffness     0.61728D+02 Numerical deriv     0.43210D+02
 Row   17 node    6 DOF    2 Stiffness    -0.46296D+02 Numerical deriv    -0.60185D+02
 Row   18 node    6 DOF    3 Stiffness     0.37037D+02 Numerical deriv     0.92594D+01
 Row   19 node    7 DOF    1 Stiffness     0.30864D+01 Numerical deriv    -0.33951D+02
 Row   20 node    7 DOF    2 Stiffness     0.18519D+02 Numerical deriv     0.46297D+01
 Row   21 node    7 DOF    3 Stiffness     0.18519D+02 Numerical deriv     0.46297D+01
 Row   22 node    8 DOF    1 Stiffness    -0.58642D+02 Numerical deriv    -0.77160D+02
 Row   23 node    8 DOF    2 Stiffness     0.46296D+02 Numerical deriv     0.60185D+02
 Row   24 node    8 DOF    3 Stiffness     0.46296D+02 Numerical deriv     0.60185D+02

  Column            5  node            2  DOF            2
 Row    1 node    1 DOF    1 Stiffness     0.37037D+02 Numerical deriv     0.92594D+01
 Row    2 node    1 DOF    2 Stiffness     0.61728D+02 Numerical deriv     0.43210D+02
 Row    3 node    1 DOF    3 Stiffness     0.46296D+02 Numerical deriv     0.60185D+02
 Row    4 node    2 DOF    1 Stiffness    -0.92593D+02 Numerical deriv    -0.12037D+03
 Row    5 node    2 DOF    2 Stiffness     0.23457D+03 Numerical deriv     0.30864D+03
 Row    6 node    2 DOF    3 Stiffness     0.92593D+02 Numerical deriv     0.12037D+03
 Row    7 node    3 DOF    1 Stiffness    -0.37037D+02 Numerical deriv    -0.92593D+01
 Row    8 node    3 DOF    2 Stiffness    -0.12346D+03 Numerical deriv    -0.86420D+02
 Row    9 node    3 DOF    3 Stiffness     0.37037D+02 Numerical deriv     0.92593D+01
 Row   10 node    4 DOF    1 Stiffness     0.92593D+02 Numerical deriv     0.12037D+03
 Row   11 node    4 DOF    2 Stiffness    -0.89506D+02 Numerical deriv    -0.98765D+02
 Row   12 node    4 DOF    3 Stiffness     0.18519D+02 Numerical deriv     0.46297D+01
 Row   13 node    5 DOF    1 Stiffness     0.18519D+02 Numerical deriv     0.46297D+01
 Row   14 node    5 DOF    2 Stiffness     0.30864D+01 Numerical deriv    -0.33951D+02
 Row   15 node    5 DOF    3 Stiffness    -0.18519D+02 Numerical deriv    -0.46297D+01
 Row   16 node    6 DOF    1 Stiffness    -0.46296D+02 Numerical deriv    -0.60185D+02
 Row   17 node    6 DOF    2 Stiffness     0.61728D+02 Numerical deriv     0.43210D+02
 Row   18 node    6 DOF    3 Stiffness    -0.37037D+02 Numerical deriv    -0.92594D+01
 Row   19 node    7 DOF    1 Stiffness    -0.18519D+02 Numerical deriv    -0.46297D+01
 Row   20 node    7 DOF    2 Stiffness    -0.89506D+02 Numerical deriv    -0.98765D+02
 Row   21 node    7 DOF    3 Stiffness    -0.92593D+02 Numerical deriv    -0.12037D+03
 Row   22 node    8 DOF    1 Stiffness     0.46296D+02 Numerical deriv     0.60185D+02
 Row   23 node    8 DOF    2 Stiffness    -0.58642D+02 Numerical deriv    -0.77160D+02
 Row   24 node    8 DOF    3 Stiffness    -0.46296D+02 Numerical deriv    -0.60185D+02

  Column            6  node            2  DOF            3
 Row    1 node    1 DOF    1 Stiffness     0.37037D+02 Numerical deriv     0.92594D+01
 Row    2 node    1 DOF    2 Stiffness     0.46296D+02 Numerical deriv     0.60185D+02
 Row    3 node    1 DOF    3 Stiffness     0.61728D+02 Numerical deriv     0.43210D+02
 Row    4 node    2 DOF    1 Stiffness    -0.92593D+02 Numerical deriv    -0.12037D+03
 Row    5 node    2 DOF    2 Stiffness     0.92593D+02 Numerical deriv     0.12037D+03
 Row    6 node    2 DOF    3 Stiffness     0.23457D+03 Numerical deriv     0.30864D+03
 Row    7 node    3 DOF    1 Stiffness    -0.46296D+02 Numerical deriv    -0.60185D+02
 Row    8 node    3 DOF    2 Stiffness    -0.37037D+02 Numerical deriv    -0.92594D+01
 Row    9 node    3 DOF    3 Stiffness     0.61728D+02 Numerical deriv     0.43210D+02
 Row   10 node    4 DOF    1 Stiffness     0.18519D+02 Numerical deriv     0.46297D+01
 Row   11 node    4 DOF    2 Stiffness    -0.18519D+02 Numerical deriv    -0.46297D+01
 Row   12 node    4 DOF    3 Stiffness     0.30864D+01 Numerical deriv    -0.33951D+02
 Row   13 node    5 DOF    1 Stiffness     0.92593D+02 Numerical deriv     0.12037D+03
 Row   14 node    5 DOF    2 Stiffness     0.18519D+02 Numerical deriv     0.46297D+01
 Row   15 node    5 DOF    3 Stiffness    -0.89506D+02 Numerical deriv    -0.98765D+02
 Row   16 node    6 DOF    1 Stiffness    -0.37037D+02 Numerical deriv    -0.92593D+01
 Row   17 node    6 DOF    2 Stiffness     0.37037D+02 Numerical deriv     0.92593D+01
 Row   18 node    6 DOF    3 Stiffness    -0.12346D+03 Numerical deriv    -0.86420D+02
 Row   19 node    7 DOF    1 Stiffness    -0.18519D+02 Numerical deriv    -0.46297D+01
 Row   20 node    7 DOF    2 Stiffness    -0.92593D+02 Numerical deriv    -0.12037D+03
 Row   21 node    7 DOF    3 Stiffness    -0.89506D+02 Numerical deriv    -0.98765D+02
 Row   22 node    8 DOF    1 Stiffness     0.46296D+02 Numerical deriv     0.60185D+02
 Row   23 node    8 DOF    2 Stiffness    -0.46296D+02 Numerical deriv    -0.60185D+02
 Row   24 node    8 DOF    3 Stiffness    -0.58642D+02 Numerical deriv    -0.77160D+02

  Column            7  node            3  DOF            1
 Row    1 node    1 DOF    1 Stiffness    -0.89506D+02 Numerical deriv    -0.98765D+02
 Row    2 node    1 DOF    2 Stiffness    -0.92593D+02 Numerical deriv    -0.12037D+03
 Row    3 node    1 DOF    3 Stiffness    -0.18519D+02 Numerical deriv    -0.46297D+01
 Row    4 node    2 DOF    1 Stiffness     0.61728D+02 Numerical deriv     0.43210D+02
 Row    5 node    2 DOF    2 Stiffness    -0.37037D+02 Numerical deriv    -0.92594D+01
 Row    6 node    2 DOF    3 Stiffness    -0.46296D+02 Numerical deriv    -0.60185D+02
 Row    7 node    3 DOF    1 Stiffness     0.23457D+03 Numerical deriv     0.30864D+03
 Row    8 node    3 DOF    2 Stiffness     0.92593D+02 Numerical deriv     0.12037D+03
 Row    9 node    3 DOF    3 Stiffness    -0.92593D+02 Numerical deriv    -0.12037D+03
 Row   10 node    4 DOF    1 Stiffness    -0.12346D+03 Numerical deriv    -0.86420D+02
 Row   11 node    4 DOF    2 Stiffness     0.37037D+02 Numerical deriv     0.92593D+01
 Row   12 node    4 DOF    3 Stiffness    -0.37037D+02 Numerical deriv    -0.92593D+01
 Row   13 node    5 DOF    1 Stiffness    -0.58642D+02 Numerical deriv    -0.77160D+02
 Row   14 node    5 DOF    2 Stiffness    -0.46296D+02 Numerical deriv    -0.60185D+02
 Row   15 node    5 DOF    3 Stiffness     0.46296D+02 Numerical deriv     0.60185D+02
 Row   16 node    6 DOF    1 Stiffness     0.30864D+01 Numerical deriv    -0.33951D+02
 Row   17 node    6 DOF    2 Stiffness    -0.18519D+02 Numerical deriv    -0.46297D+01
 Row   18 node    6 DOF    3 Stiffness     0.18519D+02 Numerical deriv     0.46297D+01
 Row   19 node    7 DOF    1 Stiffness     0.61728D+02 Numerical deriv     0.43210D+02
 Row   20 node    7 DOF    2 Stiffness     0.46296D+02 Numerical deriv     0.60185D+02
 Row   21 node    7 DOF    3 Stiffness     0.37037D+02 Numerical deriv     0.92594D+01
 Row   22 node    8 DOF    1 Stiffness    -0.89506D+02 Numerical deriv    -0.98765D+02
 Row   23 node    8 DOF    2 Stiffness     0.18519D+02 Numerical deriv     0.46297D+01
 Row   24 node    8 DOF    3 Stiffness     0.92593D+02 Numerical deriv     0.12037D+03

  Column            8  node            3  DOF            2
 Row    1 node    1 DOF    1 Stiffness    -0.92593D+02 Numerical deriv    -0.12037D+03
 Row    2 node    1 DOF    2 Stiffness    -0.89506D+02 Numerical deriv    -0.98765D+02
 Row    3 node    1 DOF    3 Stiffness    -0.18519D+02 Numerical deriv    -0.46297D+01
 Row    4 node    2 DOF    1 Stiffness     0.37037D+02 Numerical deriv     0.92593D+01
 Row    5 node    2 DOF    2 Stiffness    -0.12346D+03 Numerical deriv    -0.86420D+02
 Row    6 node    2 DOF    3 Stiffness    -0.37037D+02 Numerical deriv    -0.92593D+01
 Row    7 node    3 DOF    1 Stiffness     0.92593D+02 Numerical deriv     0.12037D+03
 Row    8 node    3 DOF    2 Stiffness     0.23457D+03 Numerical deriv     0.30864D+03
 Row    9 node    3 DOF    3 Stiffness    -0.92593D+02 Numerical deriv    -0.12037D+03
 Row   10 node    4 DOF    1 Stiffness    -0.37037D+02 Numerical deriv    -0.92594D+01
 Row   11 node    4 DOF    2 Stiffness     0.61728D+02 Numerical deriv     0.43210D+02
 Row   12 node    4 DOF    3 Stiffness    -0.46296D+02 Numerical deriv    -0.60185D+02
 Row   13 node    5 DOF    1 Stiffness    -0.46296D+02 Numerical deriv    -0.60185D+02
 Row   14 node    5 DOF    2 Stiffness    -0.58642D+02 Numerical deriv    -0.77160D+02
 Row   15 node    5 DOF    3 Stiffness     0.46296D+02 Numerical deriv     0.60185D+02
 Row   16 node    6 DOF    1 Stiffness     0.18519D+02 Numerical deriv     0.46297D+01
 Row   17 node    6 DOF    2 Stiffness    -0.89506D+02 Numerical deriv    -0.98765D+02
 Row   18 node    6 DOF    3 Stiffness     0.92593D+02 Numerical deriv     0.12037D+03
 Row   19 node    7 DOF    1 Stiffness     0.46296D+02 Numerical deriv     0.60185D+02
 Row   20 node    7 DOF    2 Stiffness     0.61728D+02 Numerical deriv     0.43210D+02
 Row   21 node    7 DOF    3 Stiffness     0.37037D+02 Numerical deriv     0.92594D+01
 Row   22 node    8 DOF    1 Stiffness    -0.18519D+02 Numerical deriv    -0.46297D+01
 Row   23 node    8 DOF    2 Stiffness     0.30864D+01 Numerical deriv    -0.33951D+02
 Row   24 node    8 DOF    3 Stiffness     0.18519D+02 Numerical deriv     0.46297D+01

  Column            9  node            3  DOF            3
 Row    1 node    1 DOF    1 Stiffness     0.18519D+02 Numerical deriv     0.46297D+01
 Row    2 node    1 DOF    2 Stiffness     0.18519D+02 Numerical deriv     0.46297D+01
 Row    3 node    1 DOF    3 Stiffness     0.30864D+01 Numerical deriv    -0.33951D+02
 Row    4 node    2 DOF    1 Stiffness    -0.46296D+02 Numerical deriv    -0.60185D+02
 Row    5 node    2 DOF    2 Stiffness     0.37037D+02 Numerical deriv     0.92594D+01
 Row    6 node    2 DOF    3 Stiffness     0.61728D+02 Numerical deriv     0.43210D+02
 Row    7 node    3 DOF    1 Stiffness    -0.92593D+02 Numerical deriv    -0.12037D+03
 Row    8 node    3 DOF    2 Stiffness    -0.92593D+02 Numerical deriv    -0.12037D+03
 Row    9 node    3 DOF    3 Stiffness     0.23457D+03 Numerical deriv     0.30864D+03
 Row   10 node    4 DOF    1 Stiffness     0.37037D+02 Numerical deriv     0.92594D+01
 Row   11 node    4 DOF    2 Stiffness    -0.46296D+02 Numerical deriv    -0.60185D+02
 Row   12 node    4 DOF    3 Stiffness     0.61728D+02 Numerical deriv     0.43210D+02
 Row   13 node    5 DOF    1 Stiffness     0.46296D+02 Numerical deriv     0.60185D+02
 Row   14 node    5 DOF    2 Stiffness     0.46296D+02 Numerical deriv     0.60185D+02
 Row   15 node    5 DOF    3 Stiffness    -0.58642D+02 Numerical deriv    -0.77160D+02
 Row   16 node    6 DOF    1 Stiffness    -0.18519D+02 Numerical deriv    -0.46297D+01
 Row   17 node    6 DOF    2 Stiffness     0.92593D+02 Numerical deriv     0.12037D+03
 Row   18 node    6 DOF    3 Stiffness    -0.89506D+02 Numerical deriv    -0.98765D+02
 Row   19 node    7 DOF    1 Stiffness    -0.37037D+02 Numerical deriv    -0.92593D+01
 Row   20 node    7 DOF    2 Stiffness    -0.37037D+02 Numerical deriv    -0.92593D+01
 Row   21 node    7 DOF    3 Stiffness    -0.12346D+03 Numerical deriv    -0.86420D+02
 Row   22 node    8 DOF    1 Stiffness     0.92593D+02 Numerical deriv     0.12037D+03
 Row   23 node    8 DOF    2 Stiffness    -0.18519D+02 Numerical deriv    -0.46297D+01
 Row   24 node    8 DOF    3 Stiffness    -0.89506D+02 Numerical deriv    -0.98765D+02

  Column           10  node            4  DOF            1
 Row    1 node    1 DOF    1 Stiffness     0.61728D+02 Numerical deriv     0.43210D+02
 Row    2 node    1 DOF    2 Stiffness     0.37037D+02 Numerical deriv     0.92594D+01
 Row    3 node    1 DOF    3 Stiffness     0.46296D+02 Numerical deriv     0.60185D+02
 Row    4 node    2 DOF    1 Stiffness    -0.89506D+02 Numerical deriv    -0.98765D+02
 Row    5 node    2 DOF    2 Stiffness     0.92593D+02 Numerical deriv     0.12037D+03
 Row    6 node    2 DOF    3 Stiffness     0.18519D+02 Numerical deriv     0.46297D+01
 Row    7 node    3 DOF    1 Stiffness    -0.12346D+03 Numerical deriv    -0.86420D+02
 Row    8 node    3 DOF    2 Stiffness    -0.37037D+02 Numerical deriv    -0.92593D+01
 Row    9 node    3 DOF    3 Stiffness     0.37037D+02 Numerical deriv     0.92593D+01
 Row   10 node    4 DOF    1 Stiffness     0.23457D+03 Numerical deriv     0.30864D+03
 Row   11 node    4 DOF    2 Stiffness    -0.92593D+02 Numerical deriv    -0.12037D+03
 Row   12 node    4 DOF    3 Stiffness     0.92593D+02 Numerical deriv     0.12037D+03
 Row   13 node    5 DOF    1 Stiffness     0.30864D+01 Numerical deriv    -0.33951D+02
 Row   14 node    5 DOF    2 Stiffness     0.18519D+02 Numerical deriv     0.46297D+01
 Row   15 node    5 DOF    3 Stiffness    -0.18519D+02 Numerical deriv    -0.46297D+01
 Row   16 node    6 DOF    1 Stiffness    -0.58642D+02 Numerical deriv    -0.77160D+02
 Row   17 node    6 DOF    2 Stiffness     0.46296D+02 Numerical deriv     0.60185D+02
 Row   18 node    6 DOF    3 Stiffness    -0.46296D+02 Numerical deriv    -0.60185D+02
 Row   19 node    7 DOF    1 Stiffness    -0.89506D+02 Numerical deriv    -0.98765D+02
 Row   20 node    7 DOF    2 Stiffness    -0.18519D+02 Numerical deriv    -0.46297D+01
 Row   21 node    7 DOF    3 Stiffness    -0.92593D+02 Numerical deriv    -0.12037D+03
 Row   22 node    8 DOF    1 Stiffness     0.61728D+02 Numerical deriv     0.43210D+02
 Row   23 node    8 DOF    2 Stiffness    -0.46296D+02 Numerical deriv    -0.60185D+02
 Row   24 node    8 DOF    3 Stiffness    -0.37037D+02 Numerical deriv    -0.92594D+01

  Column           11  node            4  DOF            2
 Row    1 node    1 DOF    1 Stiffness    -0.37037D+02 Numerical deriv    -0.92593D+01
 Row    2 node    1 DOF    2 Stiffness    -0.12346D+03 Numerical deriv    -0.86420D+02
 Row    3 node    1 DOF    3 Stiffness    -0.37037D+02 Numerical deriv    -0.92593D+01
 Row    4 node    2 DOF    1 Stiffness     0.92593D+02 Numerical deriv     0.12037D+03
 Row    5 node    2 DOF    2 Stiffness    -0.89506D+02 Numerical deriv    -0.98765D+02
 Row    6 node    2 DOF    3 Stiffness    -0.18519D+02 Numerical deriv    -0.46297D+01
 Row    7 node    3 DOF    1 Stiffness     0.37037D+02 Numerical deriv     0.92594D+01
 Row    8 node    3 DOF    2 Stiffness     0.61728D+02 Numerical deriv     0.43210D+02
 Row    9 node    3 DOF    3 Stiffness    -0.46296D+02 Numerical deriv    -0.60185D+02
 Row   10 node    4 DOF    1 Stiffness    -0.92593D+02 Numerical deriv    -0.12037D+03
 Row   11 node    4 DOF    2 Stiffness     0.23457D+03 Numerical deriv     0.30864D+03
 Row   12 node    4 DOF    3 Stiffness    -0.92593D+02 Numerical deriv    -0.12037D+03
 Row   13 node    5 DOF    1 Stiffness    -0.18519D+02 Numerical deriv    -0.46297D+01
 Row   14 node    5 DOF    2 Stiffness    -0.89506D+02 Numerical deriv    -0.98765D+02
 Row   15 node    5 DOF    3 Stiffness     0.92593D+02 Numerical deriv     0.12037D+03
 Row   16 node    6 DOF    1 Stiffness     0.46296D+02 Numerical deriv     0.60185D+02
 Row   17 node    6 DOF    2 Stiffness    -0.58642D+02 Numerical deriv    -0.77160D+02
 Row   18 node    6 DOF    3 Stiffness     0.46296D+02 Numerical deriv     0.60185D+02
 Row   19 node    7 DOF    1 Stiffness     0.18519D+02 Numerical deriv     0.46297D+01
 Row   20 node    7 DOF    2 Stiffness     0.30864D+01 Numerical deriv    -0.33951D+02
 Row   21 node    7 DOF    3 Stiffness     0.18519D+02 Numerical deriv     0.46297D+01
 Row   22 node    8 DOF    1 Stiffness    -0.46296D+02 Numerical deriv    -0.60185D+02
 Row   23 node    8 DOF    2 Stiffness     0.61728D+02 Numerical deriv     0.43210D+02
 Row   24 node    8 DOF    3 Stiffness     0.37037D+02 Numerical deriv     0.92594D+01

  Column           12  node            4  DOF            3
 Row    1 node    1 DOF    1 Stiffness     0.46296D+02 Numerical deriv     0.60185D+02
 Row    2 node    1 DOF    2 Stiffness     0.37037D+02 Numerical deriv     0.92594D+01
 Row    3 node    1 DOF    3 Stiffness     0.61728D+02 Numerical deriv     0.43210D+02
 Row    4 node    2 DOF    1 Stiffness    -0.18519D+02 Numerical deriv    -0.46297D+01
 Row    5 node    2 DOF    2 Stiffness     0.18519D+02 Numerical deriv     0.46297D+01
 Row    6 node    2 DOF    3 Stiffness     0.30864D+01 Numerical deriv    -0.33951D+02
 Row    7 node    3 DOF    1 Stiffness    -0.37037D+02 Numerical deriv    -0.92594D+01
 Row    8 node    3 DOF    2 Stiffness    -0.46296D+02 Numerical deriv    -0.60185D+02
 Row    9 node    3 DOF    3 Stiffness     0.61728D+02 Numerical deriv     0.43210D+02
 Row   10 node    4 DOF    1 Stiffness     0.92593D+02 Numerical deriv     0.12037D+03
 Row   11 node    4 DOF    2 Stiffness    -0.92593D+02 Numerical deriv    -0.12037D+03
 Row   12 node    4 DOF    3 Stiffness     0.23457D+03 Numerical deriv     0.30864D+03
 Row   13 node    5 DOF    1 Stiffness     0.18519D+02 Numerical deriv     0.46297D+01
 Row   14 node    5 DOF    2 Stiffness     0.92593D+02 Numerical deriv     0.12037D+03
 Row   15 node    5 DOF    3 Stiffness    -0.89506D+02 Numerical deriv    -0.98765D+02
 Row   16 node    6 DOF    1 Stiffness    -0.46296D+02 Numerical deriv    -0.60185D+02
 Row   17 node    6 DOF    2 Stiffness     0.46296D+02 Numerical deriv     0.60185D+02
 Row   18 node    6 DOF    3 Stiffness    -0.58642D+02 Numerical deriv    -0.77160D+02
 Row   19 node    7 DOF    1 Stiffness    -0.92593D+02 Numerical deriv    -0.12037D+03
 Row   20 node    7 DOF    2 Stiffness    -0.18519D+02 Numerical deriv    -0.46297D+01
 Row   21 node    7 DOF    3 Stiffness    -0.89506D+02 Numerical deriv    -0.98765D+02
 Row   22 node    8 DOF    1 Stiffness     0.37037D+02 Numerical deriv     0.92593D+01
 Row   23 node    8 DOF    2 Stiffness    -0.37037D+02 Numerical deriv    -0.92593D+01
 Row   24 node    8 DOF    3 Stiffness    -0.12346D+03 Numerical deriv    -0.86420D+02

  Column           13  node            5  DOF            1
 Row    1 node    1 DOF    1 Stiffness     0.61728D+02 Numerical deriv     0.43210D+02
 Row    2 node    1 DOF    2 Stiffness     0.46296D+02 Numerical deriv     0.60185D+02
 Row    3 node    1 DOF    3 Stiffness     0.37037D+02 Numerical deriv     0.92594D+01
 Row    4 node    2 DOF    1 Stiffness    -0.89506D+02 Numerical deriv    -0.98765D+02
 Row    5 node    2 DOF    2 Stiffness     0.18519D+02 Numerical deriv     0.46297D+01
 Row    6 node    2 DOF    3 Stiffness     0.92593D+02 Numerical deriv     0.12037D+03
 Row    7 node    3 DOF    1 Stiffness    -0.58642D+02 Numerical deriv    -0.77160D+02
 Row    8 node    3 DOF    2 Stiffness    -0.46296D+02 Numerical deriv    -0.60185D+02
 Row    9 node    3 DOF    3 Stiffness     0.46296D+02 Numerical deriv     0.60185D+02
 Row   10 node    4 DOF    1 Stiffness     0.30864D+01 Numerical deriv    -0.33951D+02
 Row   11 node    4 DOF    2 Stiffness    -0.18519D+02 Numerical deriv    -0.46297D+01
 Row   12 node    4 DOF    3 Stiffness     0.18519D+02 Numerical deriv     0.46297D+01
 Row   13 node    5 DOF    1 Stiffness     0.23457D+03 Numerical deriv     0.30864D+03
 Row   14 node    5 DOF    2 Stiffness     0.92593D+02 Numerical deriv     0.12037D+03
 Row   15 node    5 DOF    3 Stiffness    -0.92593D+02 Numerical deriv    -0.12037D+03
 Row   16 node    6 DOF    1 Stiffness    -0.12346D+03 Numerical deriv    -0.86420D+02
 Row   17 node    6 DOF    2 Stiffness     0.37037D+02 Numerical deriv     0.92593D+01
 Row   18 node    6 DOF    3 Stiffness    -0.37037D+02 Numerical deriv    -0.92593D+01
 Row   19 node    7 DOF    1 Stiffness    -0.89506D+02 Numerical deriv    -0.98765D+02
 Row   20 node    7 DOF    2 Stiffness    -0.92593D+02 Numerical deriv    -0.12037D+03
 Row   21 node    7 DOF    3 Stiffness    -0.18519D+02 Numerical deriv    -0.46297D+01
 Row   22 node    8 DOF    1 Stiffness     0.61728D+02 Numerical deriv     0.43210D+02
 Row   23 node    8 DOF    2 Stiffness    -0.37037D+02 Numerical deriv    -0.92594D+01
 Row   24 node    8 DOF    3 Stiffness    -0.46296D+02 Numerical deriv    -0.60185D+02

  Column           14  node            5  DOF            2
 Row    1 node    1 DOF    1 Stiffness     0.46296D+02 Numerical deriv     0.60185D+02
 Row    2 node    1 DOF    2 Stiffness     0.61728D+02 Numerical deriv     0.43210D+02
 Row    3 node    1 DOF    3 Stiffness     0.37037D+02 Numerical deriv     0.92594D+01
 Row    4 node    2 DOF    1 Stiffness    -0.18519D+02 Numerical deriv    -0.46297D+01
 Row    5 node    2 DOF    2 Stiffness     0.30864D+01 Numerical deriv    -0.33951D+02
 Row    6 node    2 DOF    3 Stiffness     0.18519D+02 Numerical deriv     0.46297D+01
 Row    7 node    3 DOF    1 Stiffness    -0.46296D+02 Numerical deriv    -0.60185D+02
 Row    8 node    3 DOF    2 Stiffness    -0.58642D+02 Numerical deriv    -0.77160D+02
 Row    9 node    3 DOF    3 Stiffness     0.46296D+02 Numerical deriv     0.60185D+02
 Row   10 node    4 DOF    1 Stiffness     0.18519D+02 Numerical deriv     0.46297D+01
 Row   11 node    4 DOF    2 Stiffness    -0.89506D+02 Numerical deriv    -0.98765D+02
 Row   12 node    4 DOF    3 Stiffness     0.92593D+02 Numerical deriv     0.12037D+03
 Row   13 node    5 DOF    1 Stiffness     0.92593D+02 Numerical deriv     0.12037D+03
 Row   14 node    5 DOF    2 Stiffness     0.23457D+03 Numerical deriv     0.30864D+03
 Row   15 node    5 DOF    3 Stiffness    -0.92593D+02 Numerical deriv    -0.12037D+03
 Row   16 node    6 DOF    1 Stiffness    -0.37037D+02 Numerical deriv    -0.92594D+01
 Row   17 node    6 DOF    2 Stiffness     0.61728D+02 Numerical deriv     0.43210D+02
 Row   18 node    6 DOF    3 Stiffness    -0.46296D+02 Numerical deriv    -0.60185D+02
 Row   19 node    7 DOF    1 Stiffness    -0.92593D+02 Numerical deriv    -0.12037D+03
 Row   20 node    7 DOF    2 Stiffness    -0.89506D+02 Numerical deriv    -0.98765D+02
 Row   21 node    7 DOF    3 Stiffness    -0.18519D+02 Numerical deriv    -0.46297D+01
 Row   22 node    8 DOF    1 Stiffness     0.37037D+02 Numerical deriv     0.92593D+01
 Row   23 node    8 DOF    2 Stiffness    -0.12346D+03 Numerical deriv    -0.86420D+02
 Row   24 node    8 DOF    3 Stiffness    -0.37037D+02 Numerical deriv    -0.92593D+01

  Column           15  node            5  DOF            3
 Row    1 node    1 DOF    1 Stiffness    -0.37037D+02 Numerical deriv    -0.92593D+01
 Row    2 node    1 DOF    2 Stiffness    -0.37037D+02 Numerical deriv    -0.92593D+01
 Row    3 node    1 DOF    3 Stiffness    -0.12346D+03 Numerical deriv    -0.86420D+02
 Row    4 node    2 DOF    1 Stiffness     0.92593D+02 Numerical deriv     0.12037D+03
 Row    5 node    2 DOF    2 Stiffness    -0.18519D+02 Numerical deriv    -0.46297D+01
 Row    6 node    2 DOF    3 Stiffness    -0.89506D+02 Numerical deriv    -0.98765D+02
 Row    7 node    3 DOF    1 Stiffness     0.46296D+02 Numerical deriv     0.60185D+02
 Row    8 node    3 DOF    2 Stiffness     0.46296D+02 Numerical deriv     0.60185D+02
 Row    9 node    3 DOF    3 Stiffness    -0.58642D+02 Numerical deriv    -0.77160D+02
 Row   10 node    4 DOF    1 Stiffness    -0.18519D+02 Numerical deriv    -0.46297D+01
 Row   11 node    4 DOF    2 Stiffness     0.92593D+02 Numerical deriv     0.12037D+03
 Row   12 node    4 DOF    3 Stiffness    -0.89506D+02 Numerical deriv    -0.98765D+02
 Row   13 node    5 DOF    1 Stiffness    -0.92593D+02 Numerical deriv    -0.12037D+03
 Row   14 node    5 DOF    2 Stiffness    -0.92593D+02 Numerical deriv    -0.12037D+03
 Row   15 node    5 DOF    3 Stiffness     0.23457D+03 Numerical deriv     0.30864D+03
 Row   16 node    6 DOF    1 Stiffness     0.37037D+02 Numerical deriv     0.92594D+01
 Row   17 node    6 DOF    2 Stiffness    -0.46296D+02 Numerical deriv    -0.60185D+02
 Row   18 node    6 DOF    3 Stiffness     0.61728D+02 Numerical deriv     0.43210D+02
 Row   19 node    7 DOF    1 Stiffness     0.18519D+02 Numerical deriv     0.46297D+01
 Row   20 node    7 DOF    2 Stiffness     0.18519D+02 Numerical deriv     0.46297D+01
 Row   21 node    7 DOF    3 Stiffness     0.30864D+01 Numerical deriv    -0.33951D+02
 Row   22 node    8 DOF    1 Stiffness    -0.46296D+02 Numerical deriv    -0.60185D+02
 Row   23 node    8 DOF    2 Stiffness     0.37037D+02 Numerical deriv     0.92594D+01
 Row   24 node    8 DOF    3 Stiffness     0.61728D+02 Numerical deriv     0.43210D+02

  Column           16  node            6  DOF            1
 Row    1 node    1 DOF    1 Stiffness    -0.89506D+02 Numerical deriv    -0.98765D+02
 Row    2 node    1 DOF    2 Stiffness    -0.18519D+02 Numerical deriv    -0.46297D+01
 Row    3 node    1 DOF    3 Stiffness    -0.92593D+02 Numerical deriv    -0.12037D+03
 Row    4 node    2 DOF    1 Stiffness     0.61728D+02 Numerical deriv     0.43210D+02
 Row    5 node    2 DOF    2 Stiffness    -0.46296D+02 Numerical deriv    -0.60185D+02
 Row    6 node    2 DOF    3 Stiffness    -0.37037D+02 Numerical deriv    -0.92594D+01
 Row    7 node    3 DOF    1 Stiffness     0.30864D+01 Numerical deriv    -0.33951D+02
 Row    8 node    3 DOF    2 Stiffness     0.18519D+02 Numerical deriv     0.46297D+01
 Row    9 node    3 DOF    3 Stiffness    -0.18519D+02 Numerical deriv    -0.46297D+01
 Row   10 node    4 DOF    1 Stiffness    -0.58642D+02 Numerical deriv    -0.77160D+02
 Row   11 node    4 DOF    2 Stiffness     0.46296D+02 Numerical deriv     0.60185D+02
 Row   12 node    4 DOF    3 Stiffness    -0.46296D+02 Numerical deriv    -0.60185D+02
 Row   13 node    5 DOF    1 Stiffness    -0.12346D+03 Numerical deriv    -0.86420D+02
 Row   14 node    5 DOF    2 Stiffness    -0.37037D+02 Numerical deriv    -0.92593D+01
 Row   15 node    5 DOF    3 Stiffness     0.37037D+02 Numerical deriv     0.92593D+01
 Row   16 node    6 DOF    1 Stiffness     0.23457D+03 Numerical deriv     0.30864D+03
 Row   17 node    6 DOF    2 Stiffness    -0.92593D+02 Numerical deriv    -0.12037D+03
 Row   18 node    6 DOF    3 Stiffness     0.92593D+02 Numerical deriv     0.12037D+03
 Row   19 node    7 DOF    1 Stiffness     0.61728D+02 Numerical deriv     0.43210D+02
 Row   20 node    7 DOF    2 Stiffness     0.37037D+02 Numerical deriv     0.92594D+01
 Row   21 node    7 DOF    3 Stiffness     0.46296D+02 Numerical deriv     0.60185D+02
 Row   22 node    8 DOF    1 Stiffness    -0.89506D+02 Numerical deriv    -0.98765D+02
 Row   23 node    8 DOF    2 Stiffness     0.92593D+02 Numerical deriv     0.12037D+03
 Row   24 node    8 DOF    3 Stiffness     0.18519D+02 Numerical deriv     0.46297D+01

  Column           17  node            6  DOF            2
 Row    1 node    1 DOF    1 Stiffness     0.18519D+02 Numerical deriv     0.46297D+01
 Row    2 node    1 DOF    2 Stiffness     0.30864D+01 Numerical deriv    -0.33951D+02
 Row    3 node    1 DOF    3 Stiffness     0.18519D+02 Numerical deriv     0.46297D+01
 Row    4 node    2 DOF    1 Stiffness    -0.46296D+02 Numerical deriv    -0.60185D+02
 Row    5 node    2 DOF    2 Stiffness     0.61728D+02 Numerical deriv     0.43210D+02
 Row    6 node    2 DOF    3 Stiffness     0.37037D+02 Numerical deriv     0.92594D+01
 Row    7 node    3 DOF    1 Stiffness    -0.18519D+02 Numerical deriv    -0.46297D+01
 Row    8 node    3 DOF    2 Stiffness    -0.89506D+02 Numerical deriv    -0.98765D+02
 Row    9 node    3 DOF    3 Stiffness     0.92593D+02 Numerical deriv     0.12037D+03
 Row   10 node    4 DOF    1 Stiffness     0.46296D+02 Numerical deriv     0.60185D+02
 Row   11 node    4 DOF    2 Stiffness    -0.58642D+02 Numerical deriv    -0.77160D+02
 Row   12 node    4 DOF    3 Stiffness     0.46296D+02 Numerical deriv     0.60185D+02
 Row   13 node    5 DOF    1 Stiffness     0.37037D+02 Numerical deriv     0.92594D+01
 Row   14 node    5 DOF    2 Stiffness     0.61728D+02 Numerical deriv     0.43210D+02
 Row   15 node    5 DOF    3 Stiffness    -0.46296D+02 Numerical deriv    -0.60185D+02
 Row   16 node    6 DOF    1 Stiffness    -0.92593D+02 Numerical deriv    -0.12037D+03
 Row   17 node    6 DOF    2 Stiffness     0.23457D+03 Numerical deriv     0.30864D+03
 Row   18 node    6 DOF    3 Stiffness    -0.92593D+02 Numerical deriv    -0.12037D+03
 Row   19 node    7 DOF    1 Stiffness    -0.37037D+02 Numerical deriv    -0.92593D+01
 Row   20 node    7 DOF    2 Stiffness    -0.12346D+03 Numerical deriv    -0.86420D+02
 Row   21 node    7 DOF    3 Stiffness    -0.37037D+02 Numerical deriv    -0.92593D+01
 Row   22 node    8 DOF    1 Stiffness     0.92593D+02 Numerical deriv     0.12037D+03
 Row   23 node    8 DOF    2 Stiffness    -0.89506D+02 Numerical deriv    -0.98765D+02
 Row   24 node    8 DOF    3 Stiffness    -0.18519D+02 Numerical deriv    -0.46297D+01

  Column           18  node            6  DOF            3
 Row    1 node    1 DOF    1 Stiffness    -0.92593D+02 Numerical deriv    -0.12037D+03
 Row    2 node    1 DOF    2 Stiffness    -0.18519D+02 Numerical deriv    -0.46297D+01
 Row    3 node    1 DOF    3 Stiffness    -0.89506D+02 Numerical deriv    -0.98765D+02
 Row    4 node    2 DOF    1 Stiffness     0.37037D+02 Numerical deriv     0.92593D+01
 Row    5 node    2 DOF    2 Stiffness    -0.37037D+02 Numerical deriv    -0.92593D+01
 Row    6 node    2 DOF    3 Stiffness    -0.12346D+03 Numerical deriv    -0.86420D+02
 Row    7 node    3 DOF    1 Stiffness     0.18519D+02 Numerical deriv     0.46297D+01
 Row    8 node    3 DOF    2 Stiffness     0.92593D+02 Numerical deriv     0.12037D+03
 Row    9 node    3 DOF    3 Stiffness    -0.89506D+02 Numerical deriv    -0.98765D+02
 Row   10 node    4 DOF    1 Stiffness    -0.46296D+02 Numerical deriv    -0.60185D+02
 Row   11 node    4 DOF    2 Stiffness     0.46296D+02 Numerical deriv     0.60185D+02
 Row   12 node    4 DOF    3 Stiffness    -0.58642D+02 Numerical deriv    -0.77160D+02
 Row   13 node    5 DOF    1 Stiffness    -0.37037D+02 Numerical deriv    -0.92594D+01
 Row   14 node    5 DOF    2 Stiffness    -0.46296D+02 Numerical deriv    -0.60185D+02
 Row   15 node    5 DOF    3 Stiffness     0.61728D+02 Numerical deriv     0.43210D+02
 Row   16 node    6 DOF    1 Stiffness     0.92593D+02 Numerical deriv     0.12037D+03
 Row   17 node    6 DOF    2 Stiffness    -0.92593D+02 Numerical deriv    -0.12037D+03
 Row   18 node    6 DOF    3 Stiffness     0.23457D+03 Numerical deriv     0.30864D+03
 Row   19 node    7 DOF    1 Stiffness     0.46296D+02 Numerical deriv     0.60185D+02
 Row   20 node    7 DOF    2 Stiffness     0.37037D+02 Numerical deriv     0.92594D+01
 Row   21 node    7 DOF    3 Stiffness     0.61728D+02 Numerical deriv     0.43210D+02
 Row   22 node    8 DOF    1 Stiffness    -0.18519D+02 Numerical deriv    -0.46297D+01
 Row   23 node    8 DOF    2 Stiffness     0.18519D+02 Numerical deriv     0.46297D+01
 Row   24 node    8 DOF    3 Stiffness     0.30864D+01 Numerical deriv    -0.33951D+02

  Column           19  node            7  DOF            1
 Row    1 node    1 DOF    1 Stiffness    -0.58642D+02 Numerical deriv    -0.77160D+02
 Row    2 node    1 DOF    2 Stiffness    -0.46296D+02 Numerical deriv    -0.60185D+02
 Row    3 node    1 DOF    3 Stiffness    -0.46296D+02 Numerical deriv    -0.60185D+02
 Row    4 node    2 DOF    1 Stiffness     0.30864D+01 Numerical deriv    -0.33951D+02
 Row    5 node    2 DOF    2 Stiffness    -0.18519D+02 Numerical deriv    -0.46297D+01
 Row    6 node    2 DOF    3 Stiffness    -0.18519D+02 Numerical deriv    -0.46297D+01
 Row    7 node    3 DOF    1 Stiffness     0.61728D+02 Numerical deriv     0.43210D+02
 Row    8 node    3 DOF    2 Stiffness     0.46296D+02 Numerical deriv     0.60185D+02
 Row    9 node    3 DOF    3 Stiffness    -0.37037D+02 Numerical deriv    -0.92594D+01
 Row   10 node    4 DOF    1 Stiffness    -0.89506D+02 Numerical deriv    -0.98765D+02
 Row   11 node    4 DOF    2 Stiffness     0.18519D+02 Numerical deriv     0.46297D+01
 Row   12 node    4 DOF    3 Stiffness    -0.92593D+02 Numerical deriv    -0.12037D+03
 Row   13 node    5 DOF    1 Stiffness    -0.89506D+02 Numerical deriv    -0.98765D+02
 Row   14 node    5 DOF    2 Stiffness    -0.92593D+02 Numerical deriv    -0.12037D+03
 Row   15 node    5 DOF    3 Stiffness     0.18519D+02 Numerical deriv     0.46297D+01
 Row   16 node    6 DOF    1 Stiffness     0.61728D+02 Numerical deriv     0.43210D+02
 Row   17 node    6 DOF    2 Stiffness    -0.37037D+02 Numerical deriv    -0.92594D+01
 Row   18 node    6 DOF    3 Stiffness     0.46296D+02 Numerical deriv     0.60185D+02
 Row   19 node    7 DOF    1 Stiffness     0.23457D+03 Numerical deriv     0.30864D+03
 Row   20 node    7 DOF    2 Stiffness     0.92593D+02 Numerical deriv     0.12037D+03
 Row   21 node    7 DOF    3 Stiffness     0.92593D+02 Numerical deriv     0.12037D+03
 Row   22 node    8 DOF    1 Stiffness    -0.12346D+03 Numerical deriv    -0.86420D+02
 Row   23 node    8 DOF    2 Stiffness     0.37037D+02 Numerical deriv     0.92593D+01
 Row   24 node    8 DOF    3 Stiffness     0.37037D+02 Numerical deriv     0.92593D+01

  Column           20  node            7  DOF            2
 Row    1 node    1 DOF    1 Stiffness    -0.46296D+02 Numerical deriv    -0.60185D+02
 Row    2 node    1 DOF    2 Stiffness    -0.58642D+02 Numerical deriv    -0.77160D+02
 Row    3 node    1 DOF    3 Stiffness    -0.46296D+02 Numerical deriv    -0.60185D+02
 Row    4 node    2 DOF    1 Stiffness     0.18519D+02 Numerical deriv     0.46297D+01
 Row    5 node    2 DOF    2 Stiffness    -0.89506D+02 Numerical deriv    -0.98765D+02
 Row    6 node    2 DOF    3 Stiffness    -0.92593D+02 Numerical deriv    -0.12037D+03
 Row    7 node    3 DOF    1 Stiffness     0.46296D+02 Numerical deriv     0.60185D+02
 Row    8 node    3 DOF    2 Stiffness     0.61728D+02 Numerical deriv     0.43210D+02
 Row    9 node    3 DOF    3 Stiffness    -0.37037D+02 Numerical deriv    -0.92594D+01
 Row   10 node    4 DOF    1 Stiffness    -0.18519D+02 Numerical deriv    -0.46297D+01
 Row   11 node    4 DOF    2 Stiffness     0.30864D+01 Numerical deriv    -0.33951D+02
 Row   12 node    4 DOF    3 Stiffness    -0.18519D+02 Numerical deriv    -0.46297D+01
 Row   13 node    5 DOF    1 Stiffness    -0.92593D+02 Numerical deriv    -0.12037D+03
 Row   14 node    5 DOF    2 Stiffness    -0.89506D+02 Numerical deriv    -0.98765D+02
 Row   15 node    5 DOF    3 Stiffness     0.18519D+02 Numerical deriv     0.46297D+01
 Row   16 node    6 DOF    1 Stiffness     0.37037D+02 Numerical deriv     0.92593D+01
 Row   17 node    6 DOF    2 Stiffness    -0.12346D+03 Numerical deriv    -0.86420D+02
 Row   18 node    6 DOF    3 Stiffness     0.37037D+02 Numerical deriv     0.92593D+01
 Row   19 node    7 DOF    1 Stiffness     0.92593D+02 Numerical deriv     0.12037D+03
 Row   20 node    7 DOF    2 Stiffness     0.23457D+03 Numerical deriv     0.30864D+03
 Row   21 node    7 DOF    3 Stiffness     0.92593D+02 Numerical deriv     0.12037D+03
 Row   22 node    8 DOF    1 Stiffness    -0.37037D+02 Numerical deriv    -0.92594D+01
 Row   23 node    8 DOF    2 Stiffness     0.61728D+02 Numerical deriv     0.43210D+02
 Row   24 node    8 DOF    3 Stiffness     0.46296D+02 Numerical deriv     0.60185D+02

  Column           21  node            7  DOF            3
 Row    1 node    1 DOF    1 Stiffness    -0.46296D+02 Numerical deriv    -0.60185D+02
 Row    2 node    1 DOF    2 Stiffness    -0.46296D+02 Numerical deriv    -0.60185D+02
 Row    3 node    1 DOF    3 Stiffness    -0.58642D+02 Numerical deriv    -0.77160D+02
 Row    4 node    2 DOF    1 Stiffness     0.18519D+02 Numerical deriv     0.46297D+01
 Row    5 node    2 DOF    2 Stiffness    -0.92593D+02 Numerical deriv    -0.12037D+03
 Row    6 node    2 DOF    3 Stiffness    -0.89506D+02 Numerical deriv    -0.98765D+02
 Row    7 node    3 DOF    1 Stiffness     0.37037D+02 Numerical deriv     0.92593D+01
 Row    8 node    3 DOF    2 Stiffness     0.37037D+02 Numerical deriv     0.92593D+01
 Row    9 node    3 DOF    3 Stiffness    -0.12346D+03 Numerical deriv    -0.86420D+02
 Row   10 node    4 DOF    1 Stiffness    -0.92593D+02 Numerical deriv    -0.12037D+03
 Row   11 node    4 DOF    2 Stiffness     0.18519D+02 Numerical deriv     0.46297D+01
 Row   12 node    4 DOF    3 Stiffness    -0.89506D+02 Numerical deriv    -0.98765D+02
 Row   13 node    5 DOF    1 Stiffness    -0.18519D+02 Numerical deriv    -0.46297D+01
 Row   14 node    5 DOF    2 Stiffness    -0.18519D+02 Numerical deriv    -0.46297D+01
 Row   15 node    5 DOF    3 Stiffness     0.30864D+01 Numerical deriv    -0.33951D+02
 Row   16 node    6 DOF    1 Stiffness     0.46296D+02 Numerical deriv     0.60185D+02
 Row   17 node    6 DOF    2 Stiffness    -0.37037D+02 Numerical deriv    -0.92594D+01
 Row   18 node    6 DOF    3 Stiffness     0.61728D+02 Numerical deriv     0.43210D+02
 Row   19 node    7 DOF    1 Stiffness     0.92593D+02 Numerical deriv     0.12037D+03
 Row   20 node    7 DOF    2 Stiffness     0.92593D+02 Numerical deriv     0.12037D+03
 Row   21 node    7 DOF    3 Stiffness     0.23457D+03 Numerical deriv     0.30864D+03
 Row   22 node    8 DOF    1 Stiffness    -0.37037D+02 Numerical deriv    -0.92594D+01
 Row   23 node    8 DOF    2 Stiffness     0.46296D+02 Numerical deriv     0.60185D+02
 Row   24 node    8 DOF    3 Stiffness     0.61728D+02 Numerical deriv     0.43210D+02

  Column           22  node            8  DOF            1
 Row    1 node    1 DOF    1 Stiffness     0.30864D+01 Numerical deriv    -0.33951D+02
 Row    2 node    1 DOF    2 Stiffness     0.18519D+02 Numerical deriv     0.46297D+01
 Row    3 node    1 DOF    3 Stiffness     0.18519D+02 Numerical deriv     0.46297D+01
 Row    4 node    2 DOF    1 Stiffness    -0.58642D+02 Numerical deriv    -0.77160D+02
 Row    5 node    2 DOF    2 Stiffness     0.46296D+02 Numerical deriv     0.60185D+02
 Row    6 node    2 DOF    3 Stiffness     0.46296D+02 Numerical deriv     0.60185D+02
 Row    7 node    3 DOF    1 Stiffness    -0.89506D+02 Numerical deriv    -0.98765D+02
 Row    8 node    3 DOF    2 Stiffness    -0.18519D+02 Numerical deriv    -0.46297D+01
 Row    9 node    3 DOF    3 Stiffness     0.92593D+02 Numerical deriv     0.12037D+03
 Row   10 node    4 DOF    1 Stiffness     0.61728D+02 Numerical deriv     0.43210D+02
 Row   11 node    4 DOF    2 Stiffness    -0.46296D+02 Numerical deriv    -0.60185D+02
 Row   12 node    4 DOF    3 Stiffness     0.37037D+02 Numerical deriv     0.92594D+01
 Row   13 node    5 DOF    1 Stiffness     0.61728D+02 Numerical deriv     0.43210D+02
 Row   14 node    5 DOF    2 Stiffness     0.37037D+02 Numerical deriv     0.92594D+01
 Row   15 node    5 DOF    3 Stiffness    -0.46296D+02 Numerical deriv    -0.60185D+02
 Row   16 node    6 DOF    1 Stiffness    -0.89506D+02 Numerical deriv    -0.98765D+02
 Row   17 node    6 DOF    2 Stiffness     0.92593D+02 Numerical deriv     0.12037D+03
 Row   18 node    6 DOF    3 Stiffness    -0.18519D+02 Numerical deriv    -0.46297D+01
 Row   19 node    7 DOF    1 Stiffness    -0.12346D+03 Numerical deriv    -0.86420D+02
 Row   20 node    7 DOF    2 Stiffness    -0.37037D+02 Numerical deriv    -0.92593D+01
 Row   21 node    7 DOF    3 Stiffness    -0.37037D+02 Numerical deriv    -0.92593D+01
 Row   22 node    8 DOF    1 Stiffness     0.23457D+03 Numerical deriv     0.30864D+03
 Row   23 node    8 DOF    2 Stiffness    -0.92593D+02 Numerical deriv    -0.12037D+03
 Row   24 node    8 DOF    3 Stiffness    -0.92593D+02 Numerical deriv    -0.12037D+03

  Column           23  node            8  DOF            2
 Row    1 node    1 DOF    1 Stiffness    -0.18519D+02 Numerical deriv    -0.46297D+01
 Row    2 node    1 DOF    2 Stiffness    -0.89506D+02 Numerical deriv    -0.98765D+02
 Row    3 node    1 DOF    3 Stiffness    -0.92593D+02 Numerical deriv    -0.12037D+03
 Row    4 node    2 DOF    1 Stiffness     0.46296D+02 Numerical deriv     0.60185D+02
 Row    5 node    2 DOF    2 Stiffness    -0.58642D+02 Numerical deriv    -0.77160D+02
 Row    6 node    2 DOF    3 Stiffness    -0.46296D+02 Numerical deriv    -0.60185D+02
 Row    7 node    3 DOF    1 Stiffness     0.18519D+02 Numerical deriv     0.46297D+01
 Row    8 node    3 DOF    2 Stiffness     0.30864D+01 Numerical deriv    -0.33951D+02
 Row    9 node    3 DOF    3 Stiffness    -0.18519D+02 Numerical deriv    -0.46297D+01
 Row   10 node    4 DOF    1 Stiffness    -0.46296D+02 Numerical deriv    -0.60185D+02
 Row   11 node    4 DOF    2 Stiffness     0.61728D+02 Numerical deriv     0.43210D+02
 Row   12 node    4 DOF    3 Stiffness    -0.37037D+02 Numerical deriv    -0.92594D+01
 Row   13 node    5 DOF    1 Stiffness    -0.37037D+02 Numerical deriv    -0.92593D+01
 Row   14 node    5 DOF    2 Stiffness    -0.12346D+03 Numerical deriv    -0.86420D+02
 Row   15 node    5 DOF    3 Stiffness     0.37037D+02 Numerical deriv     0.92593D+01
 Row   16 node    6 DOF    1 Stiffness     0.92593D+02 Numerical deriv     0.12037D+03
 Row   17 node    6 DOF    2 Stiffness    -0.89506D+02 Numerical deriv    -0.98765D+02
 Row   18 node    6 DOF    3 Stiffness     0.18519D+02 Numerical deriv     0.46297D+01
 Row   19 node    7 DOF    1 Stiffness     0.37037D+02 Numerical deriv     0.92594D+01
 Row   20 node    7 DOF    2 Stiffness     0.61728D+02 Numerical deriv     0.43210D+02
 Row   21 node    7 DOF    3 Stiffness     0.46296D+02 Numerical deriv     0.60185D+02
 Row   22 node    8 DOF    1 Stiffness    -0.92593D+02 Numerical deriv    -0.12037D+03
 Row   23 node    8 DOF    2 Stiffness     0.23457D+03 Numerical deriv     0.30864D+03
 Row   24 node    8 DOF    3 Stiffness     0.92593D+02 Numerical deriv     0.12037D+03

  Column           24  node            8  DOF            3
 Row    1 node    1 DOF    1 Stiffness    -0.18519D+02 Numerical deriv    -0.46297D+01
 Row    2 node    1 DOF    2 Stiffness    -0.92593D+02 Numerical deriv    -0.12037D+03
 Row    3 node    1 DOF    3 Stiffness    -0.89506D+02 Numerical deriv    -0.98765D+02
 Row    4 node    2 DOF    1 Stiffness     0.46296D+02 Numerical deriv     0.60185D+02
 Row    5 node    2 DOF    2 Stiffness    -0.46296D+02 Numerical deriv    -0.60185D+02
 Row    6 node    2 DOF    3 Stiffness    -0.58642D+02 Numerical deriv    -0.77160D+02
 Row    7 node    3 DOF    1 Stiffness     0.92593D+02 Numerical deriv     0.12037D+03
 Row    8 node    3 DOF    2 Stiffness     0.18519D+02 Numerical deriv     0.46297D+01
 Row    9 node    3 DOF    3 Stiffness    -0.89506D+02 Numerical deriv    -0.98765D+02
 Row   10 node    4 DOF    1 Stiffness    -0.37037D+02 Numerical deriv    -0.92593D+01
 Row   11 node    4 DOF    2 Stiffness     0.37037D+02 Numerical deriv     0.92593D+01
 Row   12 node    4 DOF    3 Stiffness    -0.12346D+03 Numerical deriv    -0.86420D+02
 Row   13 node    5 DOF    1 Stiffness    -0.46296D+02 Numerical deriv    -0.60185D+02
 Row   14 node    5 DOF    2 Stiffness    -0.37037D+02 Numerical deriv    -0.92594D+01
 Row   15 node    5 DOF    3 Stiffness     0.61728D+02 Numerical deriv     0.43210D+02
 Row   16 node    6 DOF    1 Stiffness     0.18519D+02 Numerical deriv     0.46297D+01
 Row   17 node    6 DOF    2 Stiffness    -0.18519D+02 Numerical deriv    -0.46297D+01
 Row   18 node    6 DOF    3 Stiffness     0.30864D+01 Numerical deriv    -0.33951D+02
 Row   19 node    7 DOF    1 Stiffness     0.37037D+02 Numerical deriv     0.92594D+01
 Row   20 node    7 DOF    2 Stiffness     0.46296D+02 Numerical deriv     0.60185D+02
 Row   21 node    7 DOF    3 Stiffness     0.61728D+02 Numerical deriv     0.43210D+02
 Row   22 node    8 DOF    1 Stiffness    -0.92593D+02 Numerical deriv    -0.12037D+03
 Row   23 node    8 DOF    2 Stiffness     0.92593D+02 Numerical deriv     0.12037D+03
 Row   24 node    8 DOF    3 Stiffness     0.23457D+03 Numerical deriv     0.30864D+03

  Error detected in stiffness matrix 
