

 The input file has been read successfully 
 Number of elements:                2
 Number of nodes:                   9
 Number of constraints:             0
 Total no. degrees of freedom:     18

  Column            1  node            1  DOF            1
 Row    1 node    1 DOF    1 Stiffness     0.29588D+06 Numerical deriv     0.59478D+03
 Row    2 node    1 DOF    2 Stiffness    -0.62200D+05 Numerical deriv     0.33141D+03
 Row    3 node    2 DOF    1 Stiffness     0.68037D+05 Numerical deriv     0.14576D+03
 Row    4 node    2 DOF    2 Stiffness     0.61792D+05 Numerical deriv    -0.92042D+03
 Row    5 node    3 DOF    1 Stiffness     0.54938D-13 Numerical deriv     0.53678D-14
 Row    6 node    3 DOF    2 Stiffness     0.54677D+06 Numerical deriv    -0.17670D+04
 Row    7 node    4 DOF    1 Stiffness    -0.36392D+06 Numerical deriv    -0.74055D+03
 Row    8 node    4 DOF    2 Stiffness    -0.96133D+05 Numerical deriv     0.33325D+04
 Row    9 node    5 DOF    1 Stiffness    -0.10675D+06 Numerical deriv    -0.80130D+02
 Row   10 node    5 DOF    2 Stiffness    -0.54095D+06 Numerical deriv     0.22331D+04
 Row   11 node    6 DOF    1 Stiffness     0.10675D+06 Numerical deriv     0.80130D+02
 Row   12 node    6 DOF    2 Stiffness     0.90715D+05 Numerical deriv    -0.32096D+04

  Column            2  node            1  DOF            2
 Row    1 node    1 DOF    1 Stiffness    -0.62200D+05 Numerical deriv    -0.62060D+05
 Row    2 node    1 DOF    2 Stiffness     0.14334D+05 Numerical deriv     0.14237D+05
 Row    3 node    2 DOF    1 Stiffness    -0.11754D+05 Numerical deriv    -0.11649D+05
 Row    4 node    2 DOF    2 Stiffness    -0.14410D+05 Numerical deriv    -0.15171D+05
 Row    5 node    3 DOF    1 Stiffness     0.55593D+01 Numerical deriv     0.55593D+01
 Row    6 node    3 DOF    2 Stiffness    -0.12323D+06 Numerical deriv    -0.12221D+06
 Row    7 node    4 DOF    1 Stiffness     0.73971D+05 Numerical deriv     0.73726D+05
 Row    8 node    4 DOF    2 Stiffness     0.19933D+05 Numerical deriv     0.20690D+05
 Row    9 node    5 DOF    1 Stiffness     0.24452D+05 Numerical deriv     0.22905D+05
 Row   10 node    5 DOF    2 Stiffness     0.12580D+06 Numerical deriv     0.12479D+06
 Row   11 node    6 DOF    1 Stiffness    -0.24474D+05 Numerical deriv    -0.22928D+05
 Row   12 node    6 DOF    2 Stiffness    -0.22426D+05 Numerical deriv    -0.22333D+05

  Column            3  node            2  DOF            1
 Row    1 node    1 DOF    1 Stiffness     0.68037D+05 Numerical deriv     0.14559D+03
 Row    2 node    1 DOF    2 Stiffness    -0.11754D+05 Numerical deriv     0.10905D+04
 Row    3 node    2 DOF    1 Stiffness     0.17553D+05 Numerical deriv     0.53367D+02
 Row    4 node    2 DOF    2 Stiffness     0.92938D+04 Numerical deriv    -0.88126D+03
 Row    5 node    3 DOF    1 Stiffness     0.55593D+01 Numerical deriv     0.55593D+01
 Row    6 node    3 DOF    2 Stiffness     0.12591D+06 Numerical deriv    -0.79852D+03
 Row    7 node    4 DOF    1 Stiffness    -0.85573D+05 Numerical deriv    -0.18228D+03
 Row    8 node    4 DOF    2 Stiffness    -0.25719D+05 Numerical deriv    -0.47926D+03
 Row    9 node    5 DOF    1 Stiffness    -0.23659D+05 Numerical deriv    -0.84486D+03
 Row   10 node    5 DOF    2 Stiffness    -0.12016D+06 Numerical deriv     0.18979D+04
 Row   11 node    6 DOF    1 Stiffness     0.23637D+05 Numerical deriv     0.82262D+03
 Row   12 node    6 DOF    2 Stiffness     0.22426D+05 Numerical deriv    -0.82934D+03

  Column            4  node            2  DOF            2
 Row    1 node    1 DOF    1 Stiffness     0.61792D+05 Numerical deriv    -0.58880D+03
 Row    2 node    1 DOF    2 Stiffness    -0.14410D+05 Numerical deriv    -0.53103D+04
 Row    3 node    2 DOF    1 Stiffness     0.92938D+04 Numerical deriv    -0.56906D+03
 Row    4 node    2 DOF    2 Stiffness     0.21246D+05 Numerical deriv     0.10587D+05
 Row    5 node    3 DOF    1 Stiffness    -0.55593D+01 Numerical deriv    -0.55593D+01
 Row    6 node    3 DOF    2 Stiffness     0.11875D+06 Numerical deriv    -0.56287D+04
 Row    7 node    4 DOF    1 Stiffness    -0.71102D+05 Numerical deriv     0.11412D+04
 Row    8 node    4 DOF    2 Stiffness    -0.22251D+05 Numerical deriv     0.97005D+03
 Row    9 node    5 DOF    1 Stiffness    -0.29614D+05 Numerical deriv    -0.47996D+03
 Row   10 node    5 DOF    2 Stiffness    -0.12388D+06 Numerical deriv    -0.27282D+03
 Row   11 node    6 DOF    1 Stiffness     0.29636D+05 Numerical deriv     0.50220D+03
 Row   12 node    6 DOF    2 Stiffness     0.20553D+05 Numerical deriv    -0.34555D+03

  Column            5  node            3  DOF            1
 Row    1 node    1 DOF    1 Stiffness     0.54938D-13 Numerical deriv     0.11316D-14
 Row    2 node    1 DOF    2 Stiffness     0.55593D+01 Numerical deriv     0.55593D+01
 Row    3 node    2 DOF    1 Stiffness     0.55593D+01 Numerical deriv     0.55593D+01
 Row    4 node    2 DOF    2 Stiffness    -0.55593D+01 Numerical deriv    -0.55593D+01
 Row    5 node    3 DOF    1 Stiffness     0.16678D+02 Numerical deriv     0.16678D+02
 Row    6 node    3 DOF    2 Stiffness     0.39830D-12 Numerical deriv     0.86140D-13
 Row    7 node    4 DOF    1 Stiffness    -0.70487D-13 Numerical deriv     0.12501D-14
 Row    8 node    4 DOF    2 Stiffness     0.85487D-13 Numerical deriv     0.34392D-13
 Row    9 node    5 DOF    1 Stiffness    -0.22237D+02 Numerical deriv    -0.22237D+02
 Row   10 node    5 DOF    2 Stiffness     0.22237D+02 Numerical deriv     0.22237D+02
 Row   11 node    6 DOF    1 Stiffness    -0.99747D-13 Numerical deriv    -0.12367D-13
 Row   12 node    6 DOF    2 Stiffness    -0.22237D+02 Numerical deriv    -0.22237D+02

  Column            6  node            3  DOF            2
 Row    1 node    1 DOF    1 Stiffness     0.54677D+06 Numerical deriv    -0.50628D+03
 Row    2 node    1 DOF    2 Stiffness    -0.12323D+06 Numerical deriv    -0.25820D+04
 Row    3 node    2 DOF    1 Stiffness     0.12591D+06 Numerical deriv    -0.16502D+03
 Row    4 node    2 DOF    2 Stiffness     0.11875D+06 Numerical deriv    -0.53415D+04
 Row    5 node    3 DOF    1 Stiffness     0.39830D-12 Numerical deriv     0.70387D-13
 Row    6 node    3 DOF    2 Stiffness     0.10069D+07 Numerical deriv     0.28215D+05
 Row    7 node    4 DOF    1 Stiffness    -0.67268D+06 Numerical deriv     0.67130D+03
 Row    8 node    4 DOF    2 Stiffness    -0.15883D+06 Numerical deriv    -0.10248D+05
 Row    9 node    5 DOF    1 Stiffness    -0.18823D+06 Numerical deriv     0.94800D+03
 Row   10 node    5 DOF    2 Stiffness    -0.10042D+07 Numerical deriv    -0.30973D+05
 Row   11 node    6 DOF    1 Stiffness     0.18823D+06 Numerical deriv    -0.94800D+03
 Row   12 node    6 DOF    2 Stiffness     0.16064D+06 Numerical deriv     0.20929D+05

  Column            7  node            4  DOF            1
 Row    1 node    1 DOF    1 Stiffness    -0.36392D+06 Numerical deriv    -0.49512D+02
 Row    2 node    1 DOF    2 Stiffness     0.73971D+05 Numerical deriv    -0.45616D+03
 Row    3 node    2 DOF    1 Stiffness    -0.85573D+05 Numerical deriv    -0.45231D+02
 Row    4 node    2 DOF    2 Stiffness    -0.71102D+05 Numerical deriv     0.49551D+03
 Row    5 node    3 DOF    1 Stiffness    -0.70487D-13 Numerical deriv    -0.86751D-15
 Row    6 node    3 DOF    2 Stiffness    -0.67268D+06 Numerical deriv     0.54095D+03
 Row    7 node    4 DOF    1 Stiffness     0.44954D+06 Numerical deriv     0.13922D+03
 Row    8 node    4 DOF    2 Stiffness     0.12185D+06 Numerical deriv    -0.12680D+03
 Row    9 node    5 DOF    1 Stiffness     0.13039D+06 Numerical deriv     0.26194D+01
 Row   10 node    5 DOF    2 Stiffness     0.66108D+06 Numerical deriv    -0.10423D+04
 Row   11 node    6 DOF    1 Stiffness    -0.13043D+06 Numerical deriv    -0.47093D+02
 Row   12 node    6 DOF    2 Stiffness    -0.11312D+06 Numerical deriv     0.58885D+03

  Column            8  node            4  DOF            2
 Row    1 node    1 DOF    1 Stiffness    -0.96133D+05 Numerical deriv     0.45530D+03
 Row    2 node    1 DOF    2 Stiffness     0.19933D+05 Numerical deriv    -0.10326D+05
 Row    3 node    2 DOF    1 Stiffness    -0.25719D+05 Numerical deriv    -0.36564D+03
 Row    4 node    2 DOF    2 Stiffness    -0.22251D+05 Numerical deriv     0.37255D+03
 Row    5 node    3 DOF    1 Stiffness     0.85487D-13 Numerical deriv     0.19463D-13
 Row    6 node    3 DOF    2 Stiffness    -0.15883D+06 Numerical deriv    -0.10568D+05
 Row    7 node    4 DOF    1 Stiffness     0.12185D+06 Numerical deriv    -0.89660D+02
 Row    8 node    4 DOF    2 Stiffness     0.28512D+05 Numerical deriv     0.42899D+05
 Row    9 node    5 DOF    1 Stiffness     0.31531D+05 Numerical deriv    -0.70107D+01
 Row   10 node    5 DOF    2 Stiffness     0.15304D+06 Numerical deriv    -0.12414D+03
 Row   11 node    6 DOF    1 Stiffness    -0.31531D+05 Numerical deriv     0.70107D+01
 Row   12 node    6 DOF    2 Stiffness    -0.20408D+05 Numerical deriv    -0.22253D+05

  Column            9  node            5  DOF            1
 Row    1 node    1 DOF    1 Stiffness    -0.10675D+06 Numerical deriv    -0.53981D+00
 Row    2 node    1 DOF    2 Stiffness     0.24452D+05 Numerical deriv    -0.88831D+01
 Row    3 node    2 DOF    1 Stiffness    -0.23659D+05 Numerical deriv    -0.22636D+02
 Row    4 node    2 DOF    2 Stiffness    -0.29614D+05 Numerical deriv    -0.28495D+03
 Row    5 node    3 DOF    1 Stiffness    -0.22237D+02 Numerical deriv    -0.22237D+02
 Row    6 node    3 DOF    2 Stiffness    -0.18823D+06 Numerical deriv     0.62555D+03
 Row    7 node    4 DOF    1 Stiffness     0.13039D+06 Numerical deriv     0.93912D+00
 Row    8 node    4 DOF    2 Stiffness     0.31531D+05 Numerical deriv    -0.66438D+01
 Row    9 node    5 DOF    1 Stiffness     0.40041D+05 Numerical deriv     0.10731D+03
 Row   10 node    5 DOF    2 Stiffness     0.18902D+06 Numerical deriv    -0.65707D+03
 Row   11 node    6 DOF    1 Stiffness    -0.39996D+05 Numerical deriv    -0.62833D+02
 Row   12 node    6 DOF    2 Stiffness    -0.27162D+05 Numerical deriv     0.33200D+03

  Column           10  node            5  DOF            2
 Row    1 node    1 DOF    1 Stiffness    -0.54095D+06 Numerical deriv     0.33926D+03
 Row    2 node    1 DOF    2 Stiffness     0.12580D+06 Numerical deriv     0.10785D+05
 Row    3 node    2 DOF    1 Stiffness    -0.12016D+06 Numerical deriv     0.30554D+03
 Row    4 node    2 DOF    2 Stiffness    -0.12388D+06 Numerical deriv    -0.28341D+03
 Row    5 node    3 DOF    1 Stiffness     0.22237D+02 Numerical deriv     0.22237D+02
 Row    6 node    3 DOF    2 Stiffness    -0.10042D+07 Numerical deriv    -0.32085D+05
 Row    7 node    4 DOF    1 Stiffness     0.66108D+06 Numerical deriv    -0.66704D+03
 Row    8 node    4 DOF    2 Stiffness     0.15304D+06 Numerical deriv    -0.73192D+02
 Row    9 node    5 DOF    1 Stiffness     0.18902D+06 Numerical deriv    -0.58847D+03
 Row   10 node    5 DOF    2 Stiffness     0.10100D+07 Numerical deriv     0.43264D+05
 Row   11 node    6 DOF    1 Stiffness    -0.18902D+06 Numerical deriv     0.58847D+03
 Row   12 node    6 DOF    2 Stiffness    -0.16069D+06 Numerical deriv    -0.21607D+05

  Column           11  node            6  DOF            1
 Row    1 node    1 DOF    1 Stiffness     0.10675D+06 Numerical deriv     0.27093D+00
 Row    2 node    1 DOF    2 Stiffness    -0.24474D+05 Numerical deriv    -0.16974D+02
 Row    3 node    2 DOF    1 Stiffness     0.23637D+05 Numerical deriv     0.16643D+00
 Row    4 node    2 DOF    2 Stiffness     0.29636D+05 Numerical deriv     0.25311D+03
 Row    5 node    3 DOF    1 Stiffness    -0.99747D-13 Numerical deriv    -0.68522D-14
 Row    6 node    3 DOF    2 Stiffness     0.18823D+06 Numerical deriv    -0.50500D+03
 Row    7 node    4 DOF    1 Stiffness    -0.13043D+06 Numerical deriv    -0.44911D+02
 Row    8 node    4 DOF    2 Stiffness    -0.31531D+05 Numerical deriv     0.52766D+01
 Row    9 node    5 DOF    1 Stiffness    -0.39996D+05 Numerical deriv    -0.56821D+02
 Row   10 node    5 DOF    2 Stiffness    -0.18902D+06 Numerical deriv     0.53267D+03
 Row   11 node    6 DOF    1 Stiffness     0.40041D+05 Numerical deriv     0.10129D+03
 Row   12 node    6 DOF    2 Stiffness     0.27162D+05 Numerical deriv    -0.26908D+03

  Column           12  node            6  DOF            2
 Row    1 node    1 DOF    1 Stiffness     0.90715D+05 Numerical deriv    -0.25937D+03
 Row    2 node    1 DOF    2 Stiffness    -0.22426D+05 Numerical deriv     0.46694D+01
 Row    3 node    2 DOF    1 Stiffness     0.22426D+05 Numerical deriv    -0.46694D+01
 Row    4 node    2 DOF    2 Stiffness     0.20553D+05 Numerical deriv    -0.15657D+02
 Row    5 node    3 DOF    1 Stiffness    -0.22237D+02 Numerical deriv    -0.22237D+02
 Row    6 node    3 DOF    2 Stiffness     0.16064D+06 Numerical deriv     0.21694D+05
 Row    7 node    4 DOF    1 Stiffness    -0.11312D+06 Numerical deriv     0.28628D+03
 Row    8 node    4 DOF    2 Stiffness    -0.20408D+05 Numerical deriv    -0.22271D+05
 Row    9 node    5 DOF    1 Stiffness    -0.27162D+05 Numerical deriv     0.24563D+03
 Row   10 node    5 DOF    2 Stiffness    -0.16069D+06 Numerical deriv    -0.21739D+05
 Row   11 node    6 DOF    1 Stiffness     0.27162D+05 Numerical deriv    -0.24563D+03
 Row   12 node    6 DOF    2 Stiffness     0.22326D+05 Numerical deriv     0.22326D+05

  Error detected in stiffness matrix 
  Numerical stiffness is unsymmetric at col, row            1           2
  Numerical stiffness is unsymmetric at col, row            1           4
  Numerical stiffness is unsymmetric at col, row            1           5
  Numerical stiffness is unsymmetric at col, row            1           6
  Numerical stiffness is unsymmetric at col, row            1           7
  Numerical stiffness is unsymmetric at col, row            1           8
  Numerical stiffness is unsymmetric at col, row            1           9
  Numerical stiffness is unsymmetric at col, row            1          10
  Numerical stiffness is unsymmetric at col, row            1          11
  Numerical stiffness is unsymmetric at col, row            1          12
  Numerical stiffness is unsymmetric at col, row            2           1
  Numerical stiffness is unsymmetric at col, row            2           3
  Numerical stiffness is unsymmetric at col, row            2           4
  Numerical stiffness is unsymmetric at col, row            2           6
  Numerical stiffness is unsymmetric at col, row            2           7
  Numerical stiffness is unsymmetric at col, row            2           8
  Numerical stiffness is unsymmetric at col, row            2           9
  Numerical stiffness is unsymmetric at col, row            2          10
  Numerical stiffness is unsymmetric at col, row            2          11
  Numerical stiffness is unsymmetric at col, row            2          12
  Numerical stiffness is unsymmetric at col, row            3           2
  Numerical stiffness is unsymmetric at col, row            3           4
  Numerical stiffness is unsymmetric at col, row            3           6
  Numerical stiffness is unsymmetric at col, row            3           7
  Numerical stiffness is unsymmetric at col, row            3           8
  Numerical stiffness is unsymmetric at col, row            3           9
  Numerical stiffness is unsymmetric at col, row            3          10
  Numerical stiffness is unsymmetric at col, row            3          11
  Numerical stiffness is unsymmetric at col, row            3          12
  Numerical stiffness is unsymmetric at col, row            4           1
  Numerical stiffness is unsymmetric at col, row            4           2
  Numerical stiffness is unsymmetric at col, row            4           3
  Numerical stiffness is unsymmetric at col, row            4           6
  Numerical stiffness is unsymmetric at col, row            4           7
  Numerical stiffness is unsymmetric at col, row            4           8
  Numerical stiffness is unsymmetric at col, row            4           9
  Numerical stiffness is unsymmetric at col, row            4          10
  Numerical stiffness is unsymmetric at col, row            4          11
  Numerical stiffness is unsymmetric at col, row            4          12
  Numerical stiffness is unsymmetric at col, row            5           1
  Numerical stiffness is unsymmetric at col, row            5           6
  Numerical stiffness is unsymmetric at col, row            5           7
  Numerical stiffness is unsymmetric at col, row            5           8
  Numerical stiffness is unsymmetric at col, row            5          11
  Numerical stiffness is unsymmetric at col, row            6           1
  Numerical stiffness is unsymmetric at col, row            6           2
  Numerical stiffness is unsymmetric at col, row            6           3
  Numerical stiffness is unsymmetric at col, row            6           4
  Numerical stiffness is unsymmetric at col, row            6           5
  Numerical stiffness is unsymmetric at col, row            6           7
  Numerical stiffness is unsymmetric at col, row            6           8
  Numerical stiffness is unsymmetric at col, row            6           9
  Numerical stiffness is unsymmetric at col, row            6          10
  Numerical stiffness is unsymmetric at col, row            6          11
  Numerical stiffness is unsymmetric at col, row            6          12
  Numerical stiffness is unsymmetric at col, row            7           1
  Numerical stiffness is unsymmetric at col, row            7           2
  Numerical stiffness is unsymmetric at col, row            7           3
  Numerical stiffness is unsymmetric at col, row            7           4
  Numerical stiffness is unsymmetric at col, row            7           5
  Numerical stiffness is unsymmetric at col, row            7           6
  Numerical stiffness is unsymmetric at col, row            7           8
  Numerical stiffness is unsymmetric at col, row            7           9
  Numerical stiffness is unsymmetric at col, row            7          10
  Numerical stiffness is unsymmetric at col, row            7          11
  Numerical stiffness is unsymmetric at col, row            7          12
  Numerical stiffness is unsymmetric at col, row            8           1
  Numerical stiffness is unsymmetric at col, row            8           2
  Numerical stiffness is unsymmetric at col, row            8           3
  Numerical stiffness is unsymmetric at col, row            8           4
  Numerical stiffness is unsymmetric at col, row            8           5
  Numerical stiffness is unsymmetric at col, row            8           6
  Numerical stiffness is unsymmetric at col, row            8           7
  Numerical stiffness is unsymmetric at col, row            8           9
  Numerical stiffness is unsymmetric at col, row            8          10
  Numerical stiffness is unsymmetric at col, row            8          11
  Numerical stiffness is unsymmetric at col, row            9           1
  Numerical stiffness is unsymmetric at col, row            9           2
  Numerical stiffness is unsymmetric at col, row            9           3
  Numerical stiffness is unsymmetric at col, row            9           4
  Numerical stiffness is unsymmetric at col, row            9           6
  Numerical stiffness is unsymmetric at col, row            9           7
  Numerical stiffness is unsymmetric at col, row            9           8
  Numerical stiffness is unsymmetric at col, row            9          10
  Numerical stiffness is unsymmetric at col, row            9          11
  Numerical stiffness is unsymmetric at col, row            9          12
  Numerical stiffness is unsymmetric at col, row           10           1
  Numerical stiffness is unsymmetric at col, row           10           2
  Numerical stiffness is unsymmetric at col, row           10           3
  Numerical stiffness is unsymmetric at col, row           10           4
  Numerical stiffness is unsymmetric at col, row           10           6
  Numerical stiffness is unsymmetric at col, row           10           7
  Numerical stiffness is unsymmetric at col, row           10           8
  Numerical stiffness is unsymmetric at col, row           10           9
  Numerical stiffness is unsymmetric at col, row           10          11
  Numerical stiffness is unsymmetric at col, row           10          12
  Numerical stiffness is unsymmetric at col, row           11           1
  Numerical stiffness is unsymmetric at col, row           11           2
  Numerical stiffness is unsymmetric at col, row           11           3
  Numerical stiffness is unsymmetric at col, row           11           4
  Numerical stiffness is unsymmetric at col, row           11           5
  Numerical stiffness is unsymmetric at col, row           11           6
  Numerical stiffness is unsymmetric at col, row           11           7
  Numerical stiffness is unsymmetric at col, row           11           8
  Numerical stiffness is unsymmetric at col, row           11           9
  Numerical stiffness is unsymmetric at col, row           11          10
  Numerical stiffness is unsymmetric at col, row           11          12
  Numerical stiffness is unsymmetric at col, row           12           1
  Numerical stiffness is unsymmetric at col, row           12           2
  Numerical stiffness is unsymmetric at col, row           12           3
  Numerical stiffness is unsymmetric at col, row           12           4
  Numerical stiffness is unsymmetric at col, row           12           6
  Numerical stiffness is unsymmetric at col, row           12           7
  Numerical stiffness is unsymmetric at col, row           12           9
  Numerical stiffness is unsymmetric at col, row           12          10
  Numerical stiffness is unsymmetric at col, row           12          11


 Direct Solver Profiler has completed profile computation 
     Total number of equations         18
     Maximum half bandwidth:           11
     Mean half bandwidth:               7
     RMS half bandwidth:                7
     Size of stiffness matrix:        117


 Direct Solver has completed LU decomposition 
    Conditioning information: 
      Max diagonal in reduced matrix:    0.4496E+06
      Min diagonal in reduced matrix:    0.1000E+01
      Ratio:                             0.4496E+06
      Maximum no. diagonal digits lost:   2


    Step number     1 has completed successfully
    Steps remaining:                           0
    Elapsed time:                     1.0000    
    Time remaining:                   9.0000    
    Time step has been adjusted to:   1.0000    
    Max time step:                    1.0000    
    Min time step:                   0.10000E-02


 Direct Solver has completed LU decomposition 
    Conditioning information: 
      Max diagonal in reduced matrix:    0.5625E+00
      Min diagonal in reduced matrix:    0.6061E-01
      Ratio:                             0.9282E+01
      Maximum no. diagonal digits lost:   0

  Column            1  node            1  DOF            1
 Row    1 node    1 DOF    1 Stiffness     0.29589D+06 Numerical deriv    -0.27136D+11
 Row    2 node    1 DOF    2 Stiffness    -0.62201D+05 Numerical deriv     0.98933D+10
 Row    3 node    2 DOF    1 Stiffness     0.67780D+05 Numerical deriv    -0.67019D+10
 Row    4 node    2 DOF    2 Stiffness     0.66089D+05 Numerical deriv     0.21677D+10
 Row    5 node    3 DOF    1 Stiffness    -0.42955D+04 Numerical deriv     0.32432D+09
 Row    6 node    3 DOF    2 Stiffness     0.54362D+06 Numerical deriv    -0.27135D+11
 Row    7 node    4 DOF    1 Stiffness    -0.36113D+06 Numerical deriv     0.33647D+11
 Row    8 node    4 DOF    2 Stiffness    -0.92977D+05 Numerical deriv    -0.41638D+11
 Row    9 node    5 DOF    1 Stiffness    -0.10219D+06 Numerical deriv     0.29773D+08
 Row   10 node    5 DOF    2 Stiffness    -0.54587D+06 Numerical deriv     0.30917D+11
 Row   11 node    6 DOF    1 Stiffness     0.10396D+06 Numerical deriv    -0.16273D+09
 Row   12 node    6 DOF    2 Stiffness     0.90716D+05 Numerical deriv     0.25842D+11

  Column            2  node            1  DOF            2
 Row    1 node    1 DOF    1 Stiffness    -0.62201D+05 Numerical deriv    -0.23761D+11
 Row    2 node    1 DOF    2 Stiffness     0.14334D+05 Numerical deriv     0.11341D+11
 Row    3 node    2 DOF    1 Stiffness    -0.11706D+05 Numerical deriv    -0.44071D+10
 Row    4 node    2 DOF    2 Stiffness    -0.15219D+05 Numerical deriv     0.23572D+10
 Row    5 node    3 DOF    1 Stiffness     0.81483D+03 Numerical deriv     0.31010D+09
 Row    6 node    3 DOF    2 Stiffness    -0.12264D+06 Numerical deriv    -0.22343D+11
 Row    7 node    4 DOF    1 Stiffness     0.73446D+05 Numerical deriv     0.27985D+11
 Row    8 node    4 DOF    2 Stiffness     0.19339D+05 Numerical deriv    -0.51260D+11
 Row    9 node    5 DOF    1 Stiffness     0.23594D+05 Numerical deriv     0.75393D+10
 Row   10 node    5 DOF    2 Stiffness     0.12673D+06 Numerical deriv     0.29842D+11
 Row   11 node    6 DOF    1 Stiffness    -0.23948D+05 Numerical deriv    -0.76664D+10
 Row   12 node    6 DOF    2 Stiffness    -0.22426D+05 Numerical deriv     0.30108D+11

  Column            3  node            2  DOF            1
 Row    1 node    1 DOF    1 Stiffness     0.67780D+05 Numerical deriv    -0.22771D+11
 Row    2 node    1 DOF    2 Stiffness    -0.11706D+05 Numerical deriv     0.12321D+11
 Row    3 node    2 DOF    1 Stiffness     0.17439D+05 Numerical deriv    -0.43844D+10
 Row    4 node    2 DOF    2 Stiffness     0.10195D+05 Numerical deriv     0.27133D+10
 Row    5 node    3 DOF    1 Stiffness    -0.93982D+03 Numerical deriv     0.31010D+09
 Row    6 node    3 DOF    2 Stiffness     0.12472D+06 Numerical deriv    -0.21446D+11
 Row    7 node    4 DOF    1 Stiffness    -0.84645D+05 Numerical deriv     0.26972D+11
 Row    8 node    4 DOF    2 Stiffness    -0.24927D+05 Numerical deriv    -0.53896D+11
 Row    9 node    5 DOF    1 Stiffness    -0.22557D+05 Numerical deriv     0.78639D+10
 Row   10 node    5 DOF    2 Stiffness    -0.12075D+06 Numerical deriv     0.29947D+11
 Row   11 node    6 DOF    1 Stiffness     0.22923D+05 Numerical deriv    -0.79911D+10
 Row   12 node    6 DOF    2 Stiffness     0.22333D+05 Numerical deriv     0.30406D+11

  Column            4  node            2  DOF            2
 Row    1 node    1 DOF    1 Stiffness     0.66089D+05 Numerical deriv    -0.22277D+11
 Row    2 node    1 DOF    2 Stiffness    -0.15219D+05 Numerical deriv     0.12877D+11
 Row    3 node    2 DOF    1 Stiffness     0.10195D+05 Numerical deriv    -0.44392D+10
 Row    4 node    2 DOF    2 Stiffness     0.22798D+05 Numerical deriv     0.30437D+10
 Row    5 node    3 DOF    1 Stiffness    -0.80869D+03 Numerical deriv     0.31010D+09
 Row    6 node    3 DOF    2 Stiffness     0.12647D+06 Numerical deriv    -0.21244D+11
 Row    7 node    4 DOF    1 Stiffness    -0.75827D+05 Numerical deriv     0.26533D+11
 Row    8 node    4 DOF    2 Stiffness    -0.23298D+05 Numerical deriv    -0.55275D+11
 Row    9 node    5 DOF    1 Stiffness    -0.30420D+05 Numerical deriv     0.79408D+10
 Row   10 node    5 DOF    2 Stiffness    -0.13298D+06 Numerical deriv     0.30246D+11
 Row   11 node    6 DOF    1 Stiffness     0.30772D+05 Numerical deriv    -0.80679D+10
 Row   12 node    6 DOF    2 Stiffness     0.22111D+05 Numerical deriv     0.30397D+11

  Column            5  node            3  DOF            1
 Row    1 node    1 DOF    1 Stiffness    -0.42955D+04 Numerical deriv    -0.21982D+11
 Row    2 node    1 DOF    2 Stiffness     0.81483D+03 Numerical deriv     0.13236D+11
 Row    3 node    2 DOF    1 Stiffness    -0.93982D+03 Numerical deriv    -0.44929D+10
 Row    4 node    2 DOF    2 Stiffness    -0.80869D+03 Numerical deriv     0.33021D+10
 Row    5 node    3 DOF    1 Stiffness     0.71348D+02 Numerical deriv     0.31010D+09
 Row    6 node    3 DOF    2 Stiffness    -0.82722D+04 Numerical deriv    -0.21221D+11
 Row    7 node    4 DOF    1 Stiffness     0.52086D+04 Numerical deriv     0.26292D+11
 Row    8 node    4 DOF    2 Stiffness     0.15963D+04 Numerical deriv    -0.56143D+11
 Row    9 node    5 DOF    1 Stiffness     0.15775D+04 Numerical deriv     0.79808D+10
 Row   10 node    5 DOF    2 Stiffness     0.82578D+04 Numerical deriv     0.30529D+11
 Row   11 node    6 DOF    1 Stiffness    -0.16221D+04 Numerical deriv    -0.81080D+10
 Row   12 node    6 DOF    2 Stiffness    -0.15802D+04 Numerical deriv     0.30342D+11

  Column            6  node            3  DOF            2
 Row    1 node    1 DOF    1 Stiffness     0.54362D+06 Numerical deriv    -0.21787D+11
 Row    2 node    1 DOF    2 Stiffness    -0.12264D+06 Numerical deriv     0.13488D+11
 Row    3 node    2 DOF    1 Stiffness     0.12472D+06 Numerical deriv    -0.45376D+10
 Row    4 node    2 DOF    2 Stiffness     0.12647D+06 Numerical deriv     0.35029D+10
 Row    5 node    3 DOF    1 Stiffness    -0.82722D+04 Numerical deriv     0.31010D+09
 Row    6 node    3 DOF    2 Stiffness     0.99471D+06 Numerical deriv    -0.21251D+11
 Row    7 node    4 DOF    1 Stiffness    -0.66346D+06 Numerical deriv     0.26142D+11
 Row    8 node    4 DOF    2 Stiffness    -0.15155D+06 Numerical deriv    -0.56745D+11
 Row    9 node    5 DOF    1 Stiffness    -0.17823D+06 Numerical deriv     0.80096D+10
 Row   10 node    5 DOF    2 Stiffness    -0.10077D+07 Numerical deriv     0.30767D+11
 Row   11 node    6 DOF    1 Stiffness     0.18163D+06 Numerical deriv    -0.81367D+10
 Row   12 node    6 DOF    2 Stiffness     0.15950D+06 Numerical deriv     0.30284D+11

  Column            7  node            4  DOF            1
 Row    1 node    1 DOF    1 Stiffness    -0.36113D+06 Numerical deriv    -0.21648D+11
 Row    2 node    1 DOF    2 Stiffness     0.73446D+05 Numerical deriv     0.13675D+11
 Row    3 node    2 DOF    1 Stiffness    -0.84645D+05 Numerical deriv    -0.45742D+10
 Row    4 node    2 DOF    2 Stiffness    -0.75827D+05 Numerical deriv     0.36617D+10
 Row    5 node    3 DOF    1 Stiffness     0.52086D+04 Numerical deriv     0.31010D+09
 Row    6 node    3 DOF    2 Stiffness    -0.66346D+06 Numerical deriv    -0.21298D+11
 Row    7 node    4 DOF    1 Stiffness     0.44275D+06 Numerical deriv     0.26039D+11
 Row    8 node    4 DOF    2 Stiffness     0.11696D+06 Numerical deriv    -0.57188D+11
 Row    9 node    5 DOF    1 Stiffness     0.12379D+06 Numerical deriv     0.80327D+10
 Row   10 node    5 DOF    2 Stiffness     0.66174D+06 Numerical deriv     0.30963D+11
 Row   11 node    6 DOF    1 Stiffness    -0.12597D+06 Numerical deriv    -0.81598D+10
 Row   12 node    6 DOF    2 Stiffness    -0.11211D+06 Numerical deriv     0.30231D+11

  Column            8  node            4  DOF            2
 Row    1 node    1 DOF    1 Stiffness    -0.92977D+05 Numerical deriv    -0.21544D+11
 Row    2 node    1 DOF    2 Stiffness     0.19339D+05 Numerical deriv     0.13819D+11
 Row    3 node    2 DOF    1 Stiffness    -0.24927D+05 Numerical deriv    -0.46042D+10
 Row    4 node    2 DOF    2 Stiffness    -0.23298D+05 Numerical deriv     0.37898D+10
 Row    5 node    3 DOF    1 Stiffness     0.15963D+04 Numerical deriv     0.31010D+09
 Row    6 node    3 DOF    2 Stiffness    -0.15155D+06 Numerical deriv    -0.21346D+11
 Row    7 node    4 DOF    1 Stiffness     0.11696D+06 Numerical deriv     0.25965D+11
 Row    8 node    4 DOF    2 Stiffness     0.26137D+05 Numerical deriv    -0.57529D+11
 Row    9 node    5 DOF    1 Stiffness     0.28620D+05 Numerical deriv     0.80520D+10
 Row   10 node    5 DOF    2 Stiffness     0.14887D+06 Numerical deriv     0.31125D+11
 Row   11 node    6 DOF    1 Stiffness    -0.29275D+05 Numerical deriv    -0.81791D+10
 Row   12 node    6 DOF    2 Stiffness    -0.19264D+05 Numerical deriv     0.30186D+11

  Column            9  node            5  DOF            1
 Row    1 node    1 DOF    1 Stiffness    -0.10219D+06 Numerical deriv    -0.21463D+11
 Row    2 node    1 DOF    2 Stiffness     0.23594D+05 Numerical deriv     0.13933D+11
 Row    3 node    2 DOF    1 Stiffness    -0.22557D+05 Numerical deriv    -0.46291D+10
 Row    4 node    2 DOF    2 Stiffness    -0.30420D+05 Numerical deriv     0.38951D+10
 Row    5 node    3 DOF    1 Stiffness     0.15775D+04 Numerical deriv     0.31010D+09
 Row    6 node    3 DOF    2 Stiffness    -0.17823D+06 Numerical deriv    -0.21393D+11
 Row    7 node    4 DOF    1 Stiffness     0.12379D+06 Numerical deriv     0.25909D+11
 Row    8 node    4 DOF    2 Stiffness     0.28620D+05 Numerical deriv    -0.57799D+11
 Row    9 node    5 DOF    1 Stiffness     0.36586D+05 Numerical deriv     0.80684D+10
 Row   10 node    5 DOF    2 Stiffness     0.18218D+06 Numerical deriv     0.31261D+11
 Row   11 node    6 DOF    1 Stiffness    -0.37197D+05 Numerical deriv    -0.81955D+10
 Row   12 node    6 DOF    2 Stiffness    -0.25510D+05 Numerical deriv     0.30148D+11

  Column           10  node            5  DOF            2
 Row    1 node    1 DOF    1 Stiffness    -0.54587D+06 Numerical deriv    -0.21399D+11
 Row    2 node    1 DOF    2 Stiffness     0.12673D+06 Numerical deriv     0.14026D+11
 Row    3 node    2 DOF    1 Stiffness    -0.12075D+06 Numerical deriv    -0.46500D+10
 Row    4 node    2 DOF    2 Stiffness    -0.13298D+06 Numerical deriv     0.39829D+10
 Row    5 node    3 DOF    1 Stiffness     0.82578D+04 Numerical deriv     0.31010D+09
 Row    6 node    3 DOF    2 Stiffness    -0.10077D+07 Numerical deriv    -0.21436D+11
 Row    7 node    4 DOF    1 Stiffness     0.66174D+06 Numerical deriv     0.25866D+11
 Row    8 node    4 DOF    2 Stiffness     0.14887D+06 Numerical deriv    -0.58019D+11
 Row    9 node    5 DOF    1 Stiffness     0.18218D+06 Numerical deriv     0.80826D+10
 Row   10 node    5 DOF    2 Stiffness     0.10288D+07 Numerical deriv     0.31376D+11
 Row   11 node    6 DOF    1 Stiffness    -0.18556D+06 Numerical deriv    -0.82098D+10
 Row   12 node    6 DOF    2 Stiffness    -0.16247D+06 Numerical deriv     0.30115D+11

  Column           11  node            6  DOF            1
 Row    1 node    1 DOF    1 Stiffness     0.10396D+06 Numerical deriv    -0.21346D+11
 Row    2 node    1 DOF    2 Stiffness    -0.23948D+05 Numerical deriv     0.14103D+11
 Row    3 node    2 DOF    1 Stiffness     0.22923D+05 Numerical deriv    -0.46678D+10
 Row    4 node    2 DOF    2 Stiffness     0.30772D+05 Numerical deriv     0.40574D+10
 Row    5 node    3 DOF    1 Stiffness    -0.16221D+04 Numerical deriv     0.31010D+09
 Row    6 node    3 DOF    2 Stiffness     0.18163D+06 Numerical deriv    -0.21475D+11
 Row    7 node    4 DOF    1 Stiffness    -0.12597D+06 Numerical deriv     0.25831D+11
 Row    8 node    4 DOF    2 Stiffness    -0.29275D+05 Numerical deriv    -0.58201D+11
 Row    9 node    5 DOF    1 Stiffness    -0.37197D+05 Numerical deriv     0.80950D+10
 Row   10 node    5 DOF    2 Stiffness    -0.18556D+06 Numerical deriv     0.31475D+11
 Row   11 node    6 DOF    1 Stiffness     0.37907D+05 Numerical deriv    -0.82222D+10
 Row   12 node    6 DOF    2 Stiffness     0.26148D+05 Numerical deriv     0.30086D+11

  Column           12  node            6  DOF            2
 Row    1 node    1 DOF    1 Stiffness     0.90716D+05 Numerical deriv    -0.21302D+11
 Row    2 node    1 DOF    2 Stiffness    -0.22426D+05 Numerical deriv     0.14168D+11
 Row    3 node    2 DOF    1 Stiffness     0.22333D+05 Numerical deriv    -0.46832D+10
 Row    4 node    2 DOF    2 Stiffness     0.22111D+05 Numerical deriv     0.41211D+10
 Row    5 node    3 DOF    1 Stiffness    -0.15802D+04 Numerical deriv     0.31010D+09
 Row    6 node    3 DOF    2 Stiffness     0.15950D+06 Numerical deriv    -0.21511D+11
 Row    7 node    4 DOF    1 Stiffness    -0.11211D+06 Numerical deriv     0.25803D+11
 Row    8 node    4 DOF    2 Stiffness    -0.19264D+05 Numerical deriv    -0.58354D+11
 Row    9 node    5 DOF    1 Stiffness    -0.25510D+05 Numerical deriv     0.81060D+10
 Row   10 node    5 DOF    2 Stiffness    -0.16247D+06 Numerical deriv     0.31560D+11
 Row   11 node    6 DOF    1 Stiffness     0.26148D+05 Numerical deriv    -0.82331D+10
 Row   12 node    6 DOF    2 Stiffness     0.22326D+05 Numerical deriv     0.30061D+11

  Error detected in stiffness matrix 
  Numerical stiffness is unsymmetric at col, row            1           2
  Numerical stiffness is unsymmetric at col, row            1           3
  Numerical stiffness is unsymmetric at col, row            1           4
  Numerical stiffness is unsymmetric at col, row            1           5
  Numerical stiffness is unsymmetric at col, row            1           6
  Numerical stiffness is unsymmetric at col, row            1           7
  Numerical stiffness is unsymmetric at col, row            1           8
  Numerical stiffness is unsymmetric at col, row            1           9
  Numerical stiffness is unsymmetric at col, row            1          10
  Numerical stiffness is unsymmetric at col, row            1          11
  Numerical stiffness is unsymmetric at col, row            1          12
  Numerical stiffness is unsymmetric at col, row            2           1
  Numerical stiffness is unsymmetric at col, row            2           3
  Numerical stiffness is unsymmetric at col, row            2           4
  Numerical stiffness is unsymmetric at col, row            2           5
  Numerical stiffness is unsymmetric at col, row            2           6
  Numerical stiffness is unsymmetric at col, row            2           7
  Numerical stiffness is unsymmetric at col, row            2           8
  Numerical stiffness is unsymmetric at col, row            2           9
  Numerical stiffness is unsymmetric at col, row            2          10
  Numerical stiffness is unsymmetric at col, row            2          11
  Numerical stiffness is unsymmetric at col, row            2          12
  Numerical stiffness is unsymmetric at col, row            3           1
  Numerical stiffness is unsymmetric at col, row            3           2
  Numerical stiffness is unsymmetric at col, row            3           4
  Numerical stiffness is unsymmetric at col, row            3           5
  Numerical stiffness is unsymmetric at col, row            3           6
  Numerical stiffness is unsymmetric at col, row            3           7
  Numerical stiffness is unsymmetric at col, row            3           8
  Numerical stiffness is unsymmetric at col, row            3           9
  Numerical stiffness is unsymmetric at col, row            3          10
  Numerical stiffness is unsymmetric at col, row            3          11
  Numerical stiffness is unsymmetric at col, row            3          12
  Numerical stiffness is unsymmetric at col, row            4           1
  Numerical stiffness is unsymmetric at col, row            4           2
  Numerical stiffness is unsymmetric at col, row            4           3
  Numerical stiffness is unsymmetric at col, row            4           5
  Numerical stiffness is unsymmetric at col, row            4           6
  Numerical stiffness is unsymmetric at col, row            4           7
  Numerical stiffness is unsymmetric at col, row            4           8
  Numerical stiffness is unsymmetric at col, row            4           9
  Numerical stiffness is unsymmetric at col, row            4          10
  Numerical stiffness is unsymmetric at col, row            4          11
  Numerical stiffness is unsymmetric at col, row            4          12
  Numerical stiffness is unsymmetric at col, row            5           1
  Numerical stiffness is unsymmetric at col, row            5           2
  Numerical stiffness is unsymmetric at col, row            5           3
  Numerical stiffness is unsymmetric at col, row            5           4
  Numerical stiffness is unsymmetric at col, row            5           6
  Numerical stiffness is unsymmetric at col, row            5           7
  Numerical stiffness is unsymmetric at col, row            5           8
  Numerical stiffness is unsymmetric at col, row            5           9
  Numerical stiffness is unsymmetric at col, row            5          10
  Numerical stiffness is unsymmetric at col, row            5          11
  Numerical stiffness is unsymmetric at col, row            5          12
  Numerical stiffness is unsymmetric at col, row            6           1
  Numerical stiffness is unsymmetric at col, row            6           2
  Numerical stiffness is unsymmetric at col, row            6           3
  Numerical stiffness is unsymmetric at col, row            6           4
  Numerical stiffness is unsymmetric at col, row            6           5
  Numerical stiffness is unsymmetric at col, row            6           7
  Numerical stiffness is unsymmetric at col, row            6           8
  Numerical stiffness is unsymmetric at col, row            6           9
  Numerical stiffness is unsymmetric at col, row            6          10
  Numerical stiffness is unsymmetric at col, row            6          11
  Numerical stiffness is unsymmetric at col, row            6          12
  Numerical stiffness is unsymmetric at col, row            7           1
  Numerical stiffness is unsymmetric at col, row            7           2
  Numerical stiffness is unsymmetric at col, row            7           3
  Numerical stiffness is unsymmetric at col, row            7           4
  Numerical stiffness is unsymmetric at col, row            7           5
  Numerical stiffness is unsymmetric at col, row            7           6
  Numerical stiffness is unsymmetric at col, row            7           8
  Numerical stiffness is unsymmetric at col, row            7           9
  Numerical stiffness is unsymmetric at col, row            7          10
  Numerical stiffness is unsymmetric at col, row            7          11
  Numerical stiffness is unsymmetric at col, row            7          12
  Numerical stiffness is unsymmetric at col, row            8           1
  Numerical stiffness is unsymmetric at col, row            8           2
  Numerical stiffness is unsymmetric at col, row            8           3
  Numerical stiffness is unsymmetric at col, row            8           4
  Numerical stiffness is unsymmetric at col, row            8           5
  Numerical stiffness is unsymmetric at col, row            8           6
  Numerical stiffness is unsymmetric at col, row            8           7
  Numerical stiffness is unsymmetric at col, row            8           9
  Numerical stiffness is unsymmetric at col, row            8          10
  Numerical stiffness is unsymmetric at col, row            8          11
  Numerical stiffness is unsymmetric at col, row            8          12
  Numerical stiffness is unsymmetric at col, row            9           1
  Numerical stiffness is unsymmetric at col, row            9           2
  Numerical stiffness is unsymmetric at col, row            9           3
  Numerical stiffness is unsymmetric at col, row            9           4
  Numerical stiffness is unsymmetric at col, row            9           5
  Numerical stiffness is unsymmetric at col, row            9           6
  Numerical stiffness is unsymmetric at col, row            9           7
  Numerical stiffness is unsymmetric at col, row            9           8
  Numerical stiffness is unsymmetric at col, row            9          10
  Numerical stiffness is unsymmetric at col, row            9          11
  Numerical stiffness is unsymmetric at col, row            9          12
  Numerical stiffness is unsymmetric at col, row           10           1
  Numerical stiffness is unsymmetric at col, row           10           2
  Numerical stiffness is unsymmetric at col, row           10           3
  Numerical stiffness is unsymmetric at col, row           10           4
  Numerical stiffness is unsymmetric at col, row           10           5
  Numerical stiffness is unsymmetric at col, row           10           6
  Numerical stiffness is unsymmetric at col, row           10           7
  Numerical stiffness is unsymmetric at col, row           10           8
  Numerical stiffness is unsymmetric at col, row           10           9
  Numerical stiffness is unsymmetric at col, row           10          11
  Numerical stiffness is unsymmetric at col, row           10          12
  Numerical stiffness is unsymmetric at col, row           11           1
  Numerical stiffness is unsymmetric at col, row           11           2
  Numerical stiffness is unsymmetric at col, row           11           3
  Numerical stiffness is unsymmetric at col, row           11           4
  Numerical stiffness is unsymmetric at col, row           11           5
  Numerical stiffness is unsymmetric at col, row           11           6
  Numerical stiffness is unsymmetric at col, row           11           7
  Numerical stiffness is unsymmetric at col, row           11           8
  Numerical stiffness is unsymmetric at col, row           11           9
  Numerical stiffness is unsymmetric at col, row           11          10
  Numerical stiffness is unsymmetric at col, row           11          12
  Numerical stiffness is unsymmetric at col, row           12           1
  Numerical stiffness is unsymmetric at col, row           12           2
  Numerical stiffness is unsymmetric at col, row           12           3
  Numerical stiffness is unsymmetric at col, row           12           4
  Numerical stiffness is unsymmetric at col, row           12           5
  Numerical stiffness is unsymmetric at col, row           12           6
  Numerical stiffness is unsymmetric at col, row           12           7
  Numerical stiffness is unsymmetric at col, row           12           8
  Numerical stiffness is unsymmetric at col, row           12           9
  Numerical stiffness is unsymmetric at col, row           12          10
  Numerical stiffness is unsymmetric at col, row           12          11
